GMACs: 2.344407958
number of params: 22050664
output_dir: ./data
Start training for 30 epochs
Epoch: [0]  [   0/1251]  eta: 2:24:24  lr: 0.000040  loss: 3.9415 (3.9415)  time: 6.9258  data: 6.1021  max mem: 8315
Epoch: [0]  [ 200/1251]  eta: 0:06:34  lr: 0.000040  loss: 2.9820 (3.1631)  time: 0.3395  data: 0.0007  max mem: 8569
Epoch: [0]  [ 400/1251]  eta: 0:05:03  lr: 0.000040  loss: 3.2203 (3.0985)  time: 0.3373  data: 0.0004  max mem: 8569
Epoch: [0]  [ 600/1251]  eta: 0:03:48  lr: 0.000040  loss: 3.3193 (3.0953)  time: 0.3428  data: 0.0013  max mem: 8569
Epoch: [0]  [ 800/1251]  eta: 0:02:36  lr: 0.000040  loss: 3.2117 (3.0874)  time: 0.3302  data: 0.0035  max mem: 8569
Epoch: [0]  [1000/1251]  eta: 0:01:26  lr: 0.000040  loss: 3.1995 (3.0713)  time: 0.3361  data: 0.0006  max mem: 8569
Epoch: [0]  [1200/1251]  eta: 0:00:17  lr: 0.000040  loss: 3.3053 (3.0754)  time: 0.3347  data: 0.0005  max mem: 8569
Epoch: [0]  [1250/1251]  eta: 0:00:00  lr: 0.000040  loss: 3.0420 (3.0724)  time: 0.3227  data: 0.0008  max mem: 8569
Epoch: [0] Total time: 0:07:09 (0.3435 s / it)
Averaged stats: lr: 0.000040  loss: 3.0420 (3.0719)
Test:  [ 0/33]  eta: 0:03:37  loss: 0.5114 (0.5114)  acc1: 89.5833 (89.5833)  acc5: 98.1771 (98.1771)  time: 6.5964  data: 6.0381  max mem: 8569
Test:  [10/33]  eta: 0:00:19  loss: 0.7565 (0.7653)  acc1: 82.5521 (83.4991)  acc5: 96.8750 (96.5436)  time: 0.8437  data: 0.6351  max mem: 8569
Test:  [20/33]  eta: 0:00:07  loss: 0.8636 (0.9103)  acc1: 79.1667 (80.1215)  acc5: 94.7917 (94.6057)  time: 0.2969  data: 0.1267  max mem: 8569
Test:  [30/33]  eta: 0:00:01  loss: 1.1250 (0.9843)  acc1: 73.6979 (78.1334)  acc5: 91.6667 (93.8928)  time: 0.3615  data: 0.2018  max mem: 8569
Test:  [32/33]  eta: 0:00:00  loss: 1.1250 (0.9764)  acc1: 73.6979 (78.1200)  acc5: 91.6667 (93.9440)  time: 0.3212  data: 0.1652  max mem: 8569
Test: Total time: 0:00:17 (0.5182 s / it)
* Acc@1 78.052 Acc@5 94.000 loss 0.978
Accuracy of the network on the 50000 test images: 78.1%
Max accuracy: 78.05%
Epoch: [1]  [   0/1251]  eta: 1:47:14  lr: 0.000040  loss: 3.1814 (3.1814)  time: 5.1432  data: 3.8310  max mem: 8569
Epoch: [1]  [ 200/1251]  eta: 0:06:55  lr: 0.000040  loss: 3.2859 (3.1182)  time: 0.3663  data: 0.0048  max mem: 8569
Epoch: [1]  [ 400/1251]  eta: 0:05:25  lr: 0.000040  loss: 2.9223 (3.0640)  time: 0.3761  data: 0.0046  max mem: 8569
Epoch: [1]  [ 600/1251]  eta: 0:04:06  lr: 0.000040  loss: 2.9682 (3.0622)  time: 0.3726  data: 0.0027  max mem: 8569
Epoch: [1]  [ 800/1251]  eta: 0:02:49  lr: 0.000040  loss: 3.1325 (3.0446)  time: 0.3577  data: 0.0026  max mem: 8569
Epoch: [1]  [1000/1251]  eta: 0:01:33  lr: 0.000040  loss: 3.0098 (3.0420)  time: 0.3571  data: 0.0011  max mem: 8569
Epoch: [1]  [1200/1251]  eta: 0:00:18  lr: 0.000040  loss: 3.3061 (3.0425)  time: 0.3685  data: 0.0003  max mem: 8569
Epoch: [1]  [1250/1251]  eta: 0:00:00  lr: 0.000040  loss: 3.1191 (3.0418)  time: 0.3305  data: 0.0011  max mem: 8569
Epoch: [1] Total time: 0:07:43 (0.3702 s / it)
Averaged stats: lr: 0.000040  loss: 3.1191 (3.0458)
Epoch: [2]  [   0/1251]  eta: 1:45:19  lr: 0.000040  loss: 2.8988 (2.8988)  time: 5.0519  data: 4.7460  max mem: 8569
Epoch: [2]  [ 200/1251]  eta: 0:07:07  lr: 0.000040  loss: 3.3055 (3.1183)  time: 0.3915  data: 0.0042  max mem: 8569
Epoch: [2]  [ 400/1251]  eta: 0:05:38  lr: 0.000040  loss: 3.1555 (3.0533)  time: 0.3666  data: 0.0003  max mem: 8569
Epoch: [2]  [ 600/1251]  eta: 0:04:15  lr: 0.000040  loss: 3.2537 (3.0473)  time: 0.3940  data: 0.0003  max mem: 8569
Epoch: [2]  [ 800/1251]  eta: 0:02:55  lr: 0.000040  loss: 3.1427 (3.0478)  time: 0.3842  data: 0.0456  max mem: 8569
Epoch: [2]  [1000/1251]  eta: 0:01:37  lr: 0.000040  loss: 3.0016 (3.0385)  time: 0.3797  data: 0.0226  max mem: 8569
Epoch: [2]  [1200/1251]  eta: 0:00:19  lr: 0.000040  loss: 3.0963 (3.0452)  time: 0.3597  data: 0.0003  max mem: 8569
Epoch: [2]  [1250/1251]  eta: 0:00:00  lr: 0.000040  loss: 3.1647 (3.0477)  time: 0.3277  data: 0.0007  max mem: 8569
Epoch: [2] Total time: 0:08:02 (0.3858 s / it)
Averaged stats: lr: 0.000040  loss: 3.1647 (3.0393)
Epoch: [3]  [   0/1251]  eta: 1:37:17  lr: 0.000040  loss: 2.8233 (2.8233)  time: 4.6665  data: 4.2925  max mem: 8569
Epoch: [3]  [ 200/1251]  eta: 0:06:57  lr: 0.000040  loss: 2.8606 (2.9922)  time: 0.3953  data: 0.0003  max mem: 8569
Epoch: [3]  [ 400/1251]  eta: 0:05:29  lr: 0.000040  loss: 3.0700 (3.0029)  time: 0.3659  data: 0.0003  max mem: 8569
Epoch: [3]  [ 600/1251]  eta: 0:04:08  lr: 0.000040  loss: 3.1624 (3.0067)  time: 0.3830  data: 0.0003  max mem: 8569
Epoch: [3]  [ 800/1251]  eta: 0:02:51  lr: 0.000040  loss: 3.1218 (3.0193)  time: 0.3684  data: 0.0003  max mem: 8569
Epoch: [3]  [1000/1251]  eta: 0:01:35  lr: 0.000040  loss: 3.1609 (3.0374)  time: 0.3773  data: 0.0348  max mem: 8569
Epoch: [3]  [1200/1251]  eta: 0:00:19  lr: 0.000040  loss: 3.2386 (3.0342)  time: 0.3732  data: 0.0055  max mem: 8569
Epoch: [3]  [1250/1251]  eta: 0:00:00  lr: 0.000040  loss: 3.1752 (3.0381)  time: 0.3310  data: 0.0009  max mem: 8569
Epoch: [3] Total time: 0:07:53 (0.3786 s / it)
Averaged stats: lr: 0.000040  loss: 3.1752 (3.0435)
Epoch: [4]  [   0/1251]  eta: 1:41:33  lr: 0.000039  loss: 3.4462 (3.4462)  time: 4.8711  data: 4.5237  max mem: 8569
Epoch: [4]  [ 200/1251]  eta: 0:07:04  lr: 0.000039  loss: 3.1066 (3.0257)  time: 0.3761  data: 0.0325  max mem: 8569
Epoch: [4]  [ 400/1251]  eta: 0:05:34  lr: 0.000039  loss: 3.2307 (3.0402)  time: 0.4046  data: 0.0003  max mem: 8569
Epoch: [4]  [ 600/1251]  eta: 0:04:14  lr: 0.000039  loss: 3.2203 (3.0289)  time: 0.4298  data: 0.0589  max mem: 8569
Epoch: [4]  [ 800/1251]  eta: 0:02:55  lr: 0.000039  loss: 3.0759 (3.0317)  time: 0.4282  data: 0.0003  max mem: 8569
Epoch: [4]  [1000/1251]  eta: 0:01:37  lr: 0.000039  loss: 3.0567 (3.0444)  time: 0.3597  data: 0.0280  max mem: 8569
Epoch: [4]  [1200/1251]  eta: 0:00:19  lr: 0.000039  loss: 3.1855 (3.0414)  time: 0.4086  data: 0.0146  max mem: 8569
Epoch: [4]  [1250/1251]  eta: 0:00:00  lr: 0.000039  loss: 3.3277 (3.0414)  time: 0.3399  data: 0.0007  max mem: 8569
Epoch: [4] Total time: 0:08:02 (0.3856 s / it)
Averaged stats: lr: 0.000039  loss: 3.3277 (3.0305)
Epoch: [5]  [   0/1251]  eta: 1:40:30  lr: 0.000038  loss: 3.2057 (3.2057)  time: 4.8204  data: 4.5027  max mem: 8569
Epoch: [5]  [ 200/1251]  eta: 0:06:42  lr: 0.000038  loss: 3.1506 (3.0903)  time: 0.3371  data: 0.0003  max mem: 8569
Epoch: [5]  [ 400/1251]  eta: 0:05:12  lr: 0.000038  loss: 3.0108 (3.0555)  time: 0.3475  data: 0.0099  max mem: 8569
Epoch: [5]  [ 600/1251]  eta: 0:03:57  lr: 0.000038  loss: 2.8709 (3.0379)  time: 0.3709  data: 0.0002  max mem: 8569
Epoch: [5]  [ 800/1251]  eta: 0:02:44  lr: 0.000038  loss: 3.1600 (3.0179)  time: 0.3977  data: 0.0617  max mem: 8569
Epoch: [5]  [1000/1251]  eta: 0:01:30  lr: 0.000038  loss: 3.1504 (3.0218)  time: 0.3345  data: 0.0003  max mem: 8569
Epoch: [5]  [1200/1251]  eta: 0:00:18  lr: 0.000038  loss: 2.9699 (3.0214)  time: 0.3593  data: 0.0002  max mem: 8569
Epoch: [5]  [1250/1251]  eta: 0:00:00  lr: 0.000038  loss: 3.1221 (3.0227)  time: 0.3275  data: 0.0008  max mem: 8569
Epoch: [5] Total time: 0:07:33 (0.3625 s / it)
Averaged stats: lr: 0.000038  loss: 3.1221 (3.0311)
Epoch: [6]  [   0/1251]  eta: 1:44:48  lr: 0.000037  loss: 2.3986 (2.3986)  time: 5.0270  data: 4.7230  max mem: 8569
Epoch: [6]  [ 200/1251]  eta: 0:06:28  lr: 0.000037  loss: 3.2710 (3.0168)  time: 0.3363  data: 0.0003  max mem: 8569
Epoch: [6]  [ 400/1251]  eta: 0:05:04  lr: 0.000037  loss: 3.2940 (3.0126)  time: 0.3363  data: 0.0009  max mem: 8569
Epoch: [6]  [ 600/1251]  eta: 0:03:50  lr: 0.000037  loss: 3.1440 (3.0006)  time: 0.3414  data: 0.0003  max mem: 8569
Epoch: [6]  [ 800/1251]  eta: 0:02:38  lr: 0.000037  loss: 2.9357 (3.0043)  time: 0.3472  data: 0.0111  max mem: 8569
Epoch: [6]  [1000/1251]  eta: 0:01:27  lr: 0.000037  loss: 3.2949 (3.0135)  time: 0.3570  data: 0.0009  max mem: 8569
Epoch: [6]  [1200/1251]  eta: 0:00:17  lr: 0.000037  loss: 3.1009 (3.0162)  time: 0.3354  data: 0.0003  max mem: 8569
Epoch: [6]  [1250/1251]  eta: 0:00:00  lr: 0.000037  loss: 3.2608 (3.0203)  time: 0.3337  data: 0.0007  max mem: 8569
Epoch: [6] Total time: 0:07:17 (0.3498 s / it)
Averaged stats: lr: 0.000037  loss: 3.2608 (3.0259)
Epoch: [7]  [   0/1251]  eta: 1:48:38  lr: 0.000036  loss: 3.1963 (3.1963)  time: 5.2103  data: 4.8880  max mem: 8569
Epoch: [7]  [ 200/1251]  eta: 0:06:48  lr: 0.000036  loss: 2.8579 (3.0467)  time: 0.3563  data: 0.0188  max mem: 8569
Epoch: [7]  [ 400/1251]  eta: 0:05:18  lr: 0.000036  loss: 2.9256 (3.0175)  time: 0.3440  data: 0.0047  max mem: 8569
Epoch: [7]  [ 600/1251]  eta: 0:04:01  lr: 0.000036  loss: 2.9373 (3.0109)  time: 0.3464  data: 0.0110  max mem: 8569
Epoch: [7]  [ 800/1251]  eta: 0:02:46  lr: 0.000036  loss: 3.0283 (3.0248)  time: 0.3375  data: 0.0003  max mem: 8569
Epoch: [7]  [1000/1251]  eta: 0:01:32  lr: 0.000036  loss: 3.1718 (3.0284)  time: 0.3388  data: 0.0003  max mem: 8569
Epoch: [7]  [1200/1251]  eta: 0:00:18  lr: 0.000036  loss: 3.0222 (3.0230)  time: 0.3419  data: 0.0002  max mem: 8569
Epoch: [7]  [1250/1251]  eta: 0:00:00  lr: 0.000036  loss: 3.0892 (3.0223)  time: 0.3362  data: 0.0033  max mem: 8569
Epoch: [7] Total time: 0:07:38 (0.3667 s / it)
Averaged stats: lr: 0.000036  loss: 3.0892 (3.0118)
Epoch: [8]  [   0/1251]  eta: 1:29:56  lr: 0.000035  loss: 3.2220 (3.2220)  time: 4.3136  data: 3.9455  max mem: 8569
Epoch: [8]  [ 200/1251]  eta: 0:06:53  lr: 0.000035  loss: 3.2854 (3.0804)  time: 0.3974  data: 0.0003  max mem: 8569
Epoch: [8]  [ 400/1251]  eta: 0:05:21  lr: 0.000035  loss: 2.9914 (3.0471)  time: 0.3421  data: 0.0003  max mem: 8569
Epoch: [8]  [ 600/1251]  eta: 0:04:03  lr: 0.000035  loss: 2.9006 (3.0221)  time: 0.3308  data: 0.0003  max mem: 8569
Epoch: [8]  [ 800/1251]  eta: 0:02:48  lr: 0.000035  loss: 3.0848 (3.0201)  time: 0.3495  data: 0.0003  max mem: 8569
Epoch: [8]  [1000/1251]  eta: 0:01:33  lr: 0.000035  loss: 3.2568 (3.0193)  time: 0.3398  data: 0.0003  max mem: 8569
Epoch: [8]  [1200/1251]  eta: 0:00:18  lr: 0.000035  loss: 3.2443 (3.0189)  time: 0.4205  data: 0.0003  max mem: 8569
Epoch: [8]  [1250/1251]  eta: 0:00:00  lr: 0.000035  loss: 3.2409 (3.0179)  time: 0.3278  data: 0.0007  max mem: 8569
Epoch: [8] Total time: 0:07:44 (0.3711 s / it)
Averaged stats: lr: 0.000035  loss: 3.2409 (3.0125)
Epoch: [9]  [   0/1251]  eta: 1:47:27  lr: 0.000034  loss: 2.4303 (2.4303)  time: 5.1540  data: 4.8585  max mem: 8569
Epoch: [9]  [ 200/1251]  eta: 0:06:51  lr: 0.000034  loss: 3.2151 (3.0513)  time: 0.3609  data: 0.0003  max mem: 8569
Epoch: [9]  [ 400/1251]  eta: 0:05:25  lr: 0.000034  loss: 3.1840 (3.0430)  time: 0.3505  data: 0.0003  max mem: 8569
Epoch: [9]  [ 600/1251]  eta: 0:04:06  lr: 0.000034  loss: 3.0588 (3.0256)  time: 0.3342  data: 0.0010  max mem: 8569
Epoch: [9]  [ 800/1251]  eta: 0:02:49  lr: 0.000034  loss: 3.1746 (3.0219)  time: 0.3851  data: 0.0003  max mem: 8569
Epoch: [9]  [1000/1251]  eta: 0:01:34  lr: 0.000034  loss: 3.1841 (3.0065)  time: 0.3657  data: 0.0002  max mem: 8569
Epoch: [9]  [1200/1251]  eta: 0:00:19  lr: 0.000034  loss: 3.0534 (2.9969)  time: 0.4212  data: 0.0003  max mem: 8569
Epoch: [9]  [1250/1251]  eta: 0:00:00  lr: 0.000034  loss: 3.2274 (2.9985)  time: 0.3575  data: 0.0056  max mem: 8569
Epoch: [9] Total time: 0:07:47 (0.3736 s / it)
Averaged stats: lr: 0.000034  loss: 3.2274 (3.0224)
Epoch: [10]  [   0/1251]  eta: 1:47:55  lr: 0.000032  loss: 3.3577 (3.3577)  time: 5.1763  data: 4.8093  max mem: 8569
Epoch: [10]  [ 200/1251]  eta: 0:06:55  lr: 0.000032  loss: 3.2742 (3.0540)  time: 0.3762  data: 0.0003  max mem: 8569
Epoch: [10]  [ 400/1251]  eta: 0:05:26  lr: 0.000032  loss: 3.3523 (3.0459)  time: 0.3723  data: 0.0016  max mem: 8569
Epoch: [10]  [ 600/1251]  eta: 0:04:07  lr: 0.000032  loss: 3.1596 (3.0423)  time: 0.3646  data: 0.0003  max mem: 8569
Epoch: [10]  [ 800/1251]  eta: 0:02:50  lr: 0.000032  loss: 2.7983 (3.0313)  time: 0.3624  data: 0.0003  max mem: 8569
Epoch: [10]  [1000/1251]  eta: 0:01:34  lr: 0.000032  loss: 2.9854 (3.0241)  time: 0.3794  data: 0.0003  max mem: 8569
Epoch: [10]  [1200/1251]  eta: 0:00:19  lr: 0.000032  loss: 3.1719 (3.0071)  time: 0.3587  data: 0.0003  max mem: 8569
Epoch: [10]  [1250/1251]  eta: 0:00:00  lr: 0.000032  loss: 3.2791 (3.0086)  time: 0.3277  data: 0.0007  max mem: 8569
Epoch: [10] Total time: 0:07:50 (0.3761 s / it)
Averaged stats: lr: 0.000032  loss: 3.2791 (3.0071)
Epoch: [11]  [   0/1251]  eta: 1:27:01  lr: 0.000031  loss: 3.4473 (3.4473)  time: 4.1739  data: 3.8290  max mem: 8569
Epoch: [11]  [ 200/1251]  eta: 0:06:42  lr: 0.000031  loss: 2.9783 (2.9642)  time: 0.3593  data: 0.0011  max mem: 8569
Epoch: [11]  [ 400/1251]  eta: 0:05:17  lr: 0.000031  loss: 3.2179 (3.0169)  time: 0.3871  data: 0.0359  max mem: 8569
Epoch: [11]  [ 600/1251]  eta: 0:04:00  lr: 0.000031  loss: 2.9674 (3.0021)  time: 0.3999  data: 0.0718  max mem: 8569
Epoch: [11]  [ 800/1251]  eta: 0:02:45  lr: 0.000031  loss: 3.1378 (3.0239)  time: 0.3531  data: 0.0181  max mem: 8569
Epoch: [11]  [1000/1251]  eta: 0:01:31  lr: 0.000031  loss: 3.0662 (3.0094)  time: 0.3644  data: 0.0322  max mem: 8569
Epoch: [11]  [1200/1251]  eta: 0:00:18  lr: 0.000031  loss: 3.0299 (3.0102)  time: 0.3795  data: 0.0006  max mem: 8569
Epoch: [11]  [1250/1251]  eta: 0:00:00  lr: 0.000031  loss: 3.2015 (3.0110)  time: 0.3468  data: 0.0007  max mem: 8569
Epoch: [11] Total time: 0:07:37 (0.3656 s / it)
Averaged stats: lr: 0.000031  loss: 3.2015 (2.9958)
Epoch: [12]  [   0/1251]  eta: 1:24:18  lr: 0.000029  loss: 3.6570 (3.6570)  time: 4.0435  data: 3.5017  max mem: 8569
Epoch: [12]  [ 200/1251]  eta: 0:06:46  lr: 0.000029  loss: 3.1053 (2.9967)  time: 0.3336  data: 0.0010  max mem: 8569
Epoch: [12]  [ 400/1251]  eta: 0:05:17  lr: 0.000029  loss: 3.0965 (2.9950)  time: 0.3689  data: 0.0003  max mem: 8569
Epoch: [12]  [ 600/1251]  eta: 0:04:01  lr: 0.000029  loss: 3.0838 (2.9976)  time: 0.3995  data: 0.0133  max mem: 8569
Epoch: [12]  [ 800/1251]  eta: 0:02:46  lr: 0.000029  loss: 3.0386 (2.9983)  time: 0.3814  data: 0.0402  max mem: 8569
Epoch: [12]  [1000/1251]  eta: 0:01:32  lr: 0.000029  loss: 3.1100 (2.9939)  time: 0.3398  data: 0.0003  max mem: 8569
Epoch: [12]  [1200/1251]  eta: 0:00:18  lr: 0.000029  loss: 3.2806 (2.9946)  time: 0.3760  data: 0.0003  max mem: 8569
Epoch: [12]  [1250/1251]  eta: 0:00:00  lr: 0.000029  loss: 3.1346 (2.9934)  time: 0.3274  data: 0.0007  max mem: 8569
Epoch: [12] Total time: 0:07:39 (0.3675 s / it)
Averaged stats: lr: 0.000029  loss: 3.1346 (3.0027)
Epoch: [13]  [   0/1251]  eta: 1:32:15  lr: 0.000027  loss: 1.9964 (1.9964)  time: 4.4245  data: 4.0462  max mem: 8569
Epoch: [13]  [ 200/1251]  eta: 0:06:43  lr: 0.000027  loss: 2.8582 (2.9489)  time: 0.3398  data: 0.0004  max mem: 8569
Epoch: [13]  [ 400/1251]  eta: 0:05:16  lr: 0.000027  loss: 3.1974 (2.9684)  time: 0.3673  data: 0.0003  max mem: 8569
Epoch: [13]  [ 600/1251]  eta: 0:03:57  lr: 0.000027  loss: 3.1483 (2.9792)  time: 0.3361  data: 0.0007  max mem: 8569
Epoch: [13]  [ 800/1251]  eta: 0:02:43  lr: 0.000027  loss: 2.9443 (2.9702)  time: 0.3774  data: 0.0003  max mem: 8569
Epoch: [13]  [1000/1251]  eta: 0:01:30  lr: 0.000027  loss: 3.1616 (2.9754)  time: 0.3529  data: 0.0234  max mem: 8569
Epoch: [13]  [1200/1251]  eta: 0:00:18  lr: 0.000027  loss: 2.8921 (2.9746)  time: 0.3903  data: 0.0617  max mem: 8569
Epoch: [13]  [1250/1251]  eta: 0:00:00  lr: 0.000027  loss: 2.9539 (2.9746)  time: 0.3270  data: 0.0008  max mem: 8569
Epoch: [13] Total time: 0:07:31 (0.3607 s / it)
Averaged stats: lr: 0.000027  loss: 2.9539 (2.9856)
Epoch: [14]  [   0/1251]  eta: 1:40:57  lr: 0.000025  loss: 3.5539 (3.5539)  time: 4.8420  data: 4.4813  max mem: 8569
Epoch: [14]  [ 200/1251]  eta: 0:06:46  lr: 0.000025  loss: 3.2297 (2.9931)  time: 0.3499  data: 0.0003  max mem: 8569
Epoch: [14]  [ 400/1251]  eta: 0:05:22  lr: 0.000025  loss: 3.2049 (2.9793)  time: 0.3796  data: 0.0508  max mem: 8569
Epoch: [14]  [ 600/1251]  eta: 0:04:03  lr: 0.000025  loss: 3.2698 (2.9858)  time: 0.3469  data: 0.0020  max mem: 8569
Epoch: [14]  [ 800/1251]  eta: 0:02:48  lr: 0.000025  loss: 3.0262 (2.9984)  time: 0.3552  data: 0.0007  max mem: 8569
Epoch: [14]  [1000/1251]  eta: 0:01:33  lr: 0.000025  loss: 3.1348 (2.9988)  time: 0.3699  data: 0.0333  max mem: 8569
Epoch: [14]  [1200/1251]  eta: 0:00:18  lr: 0.000025  loss: 2.7004 (2.9888)  time: 0.3703  data: 0.0241  max mem: 8569
Epoch: [14]  [1250/1251]  eta: 0:00:00  lr: 0.000025  loss: 2.9383 (2.9850)  time: 0.3306  data: 0.0007  max mem: 8569
Epoch: [14] Total time: 0:07:42 (0.3699 s / it)
Averaged stats: lr: 0.000025  loss: 2.9383 (2.9853)
Epoch: [15]  [   0/1251]  eta: 1:26:01  lr: 0.000023  loss: 3.1202 (3.1202)  time: 4.1261  data: 3.8022  max mem: 8569
Epoch: [15]  [ 200/1251]  eta: 0:06:41  lr: 0.000023  loss: 3.0262 (2.9890)  time: 0.3613  data: 0.0003  max mem: 8569
Epoch: [15]  [ 400/1251]  eta: 0:05:18  lr: 0.000023  loss: 3.0379 (2.9822)  time: 0.3829  data: 0.0518  max mem: 8569
Epoch: [15]  [ 600/1251]  eta: 0:03:58  lr: 0.000023  loss: 3.2474 (2.9924)  time: 0.3452  data: 0.0002  max mem: 8569
Epoch: [15]  [ 800/1251]  eta: 0:02:44  lr: 0.000023  loss: 3.0246 (2.9970)  time: 0.3337  data: 0.0002  max mem: 8569
Epoch: [15]  [1000/1251]  eta: 0:01:31  lr: 0.000023  loss: 3.2395 (2.9952)  time: 0.3873  data: 0.0555  max mem: 8569
Epoch: [15]  [1200/1251]  eta: 0:00:18  lr: 0.000023  loss: 3.2157 (2.9898)  time: 0.3380  data: 0.0003  max mem: 8569
Epoch: [15]  [1250/1251]  eta: 0:00:00  lr: 0.000023  loss: 2.9995 (2.9871)  time: 0.3294  data: 0.0007  max mem: 8569
Epoch: [15] Total time: 0:07:35 (0.3640 s / it)
Averaged stats: lr: 0.000023  loss: 2.9995 (2.9781)
Epoch: [16]  [   0/1251]  eta: 1:32:07  lr: 0.000021  loss: 3.3249 (3.3249)  time: 4.4184  data: 4.0353  max mem: 8569
Epoch: [16]  [ 200/1251]  eta: 0:06:54  lr: 0.000021  loss: 3.0892 (2.9881)  time: 0.4147  data: 0.0003  max mem: 8569
Epoch: [16]  [ 400/1251]  eta: 0:05:23  lr: 0.000021  loss: 2.8173 (2.9813)  time: 0.3666  data: 0.0003  max mem: 8569
Epoch: [16]  [ 600/1251]  eta: 0:04:04  lr: 0.000021  loss: 3.2314 (3.0021)  time: 0.4028  data: 0.0003  max mem: 8569
Epoch: [16]  [ 800/1251]  eta: 0:02:49  lr: 0.000021  loss: 3.2615 (3.0010)  time: 0.3766  data: 0.0002  max mem: 8569
Epoch: [16]  [1000/1251]  eta: 0:01:33  lr: 0.000021  loss: 3.0526 (2.9948)  time: 0.3963  data: 0.0529  max mem: 8569
Epoch: [16]  [1200/1251]  eta: 0:00:19  lr: 0.000021  loss: 3.2562 (2.9885)  time: 0.3707  data: 0.0231  max mem: 8569
Epoch: [16]  [1250/1251]  eta: 0:00:00  lr: 0.000021  loss: 3.0587 (2.9881)  time: 0.3475  data: 0.0007  max mem: 8569
Epoch: [16] Total time: 0:07:47 (0.3735 s / it)
Averaged stats: lr: 0.000021  loss: 3.0587 (2.9766)
Epoch: [17]  [   0/1251]  eta: 1:29:12  lr: 0.000019  loss: 2.9397 (2.9397)  time: 4.2789  data: 3.9276  max mem: 8569
Epoch: [17]  [ 200/1251]  eta: 0:06:36  lr: 0.000019  loss: 2.9522 (2.9283)  time: 0.3475  data: 0.0040  max mem: 8569
Epoch: [17]  [ 400/1251]  eta: 0:05:14  lr: 0.000019  loss: 2.8161 (2.9163)  time: 0.3348  data: 0.0002  max mem: 8569
Epoch: [17]  [ 600/1251]  eta: 0:03:58  lr: 0.000019  loss: 2.9266 (2.9408)  time: 0.3893  data: 0.0508  max mem: 8569
Epoch: [17]  [ 800/1251]  eta: 0:02:44  lr: 0.000019  loss: 3.1465 (2.9522)  time: 0.3526  data: 0.0002  max mem: 8569
Epoch: [17]  [1000/1251]  eta: 0:01:30  lr: 0.000019  loss: 3.2363 (2.9545)  time: 0.3347  data: 0.0003  max mem: 8569
Epoch: [17]  [1200/1251]  eta: 0:00:18  lr: 0.000019  loss: 3.2274 (2.9738)  time: 0.3346  data: 0.0002  max mem: 8569
Epoch: [17]  [1250/1251]  eta: 0:00:00  lr: 0.000019  loss: 3.3326 (2.9768)  time: 0.3258  data: 0.0008  max mem: 8569
Epoch: [17] Total time: 0:07:31 (0.3611 s / it)
Averaged stats: lr: 0.000019  loss: 3.3326 (2.9821)
Epoch: [18]  [   0/1251]  eta: 1:40:14  lr: 0.000017  loss: 2.8473 (2.8473)  time: 4.8081  data: 4.4637  max mem: 8569
Epoch: [18]  [ 200/1251]  eta: 0:06:45  lr: 0.000017  loss: 3.1287 (2.9281)  time: 0.3391  data: 0.0003  max mem: 8569
Epoch: [18]  [ 400/1251]  eta: 0:05:14  lr: 0.000017  loss: 3.2628 (2.9458)  time: 0.3929  data: 0.0003  max mem: 8569
Epoch: [18]  [ 600/1251]  eta: 0:03:56  lr: 0.000017  loss: 3.1561 (2.9449)  time: 0.3398  data: 0.0003  max mem: 8569
Epoch: [18]  [ 800/1251]  eta: 0:02:43  lr: 0.000017  loss: 3.2474 (2.9537)  time: 0.3750  data: 0.0237  max mem: 8569
Epoch: [18]  [1000/1251]  eta: 0:01:30  lr: 0.000017  loss: 3.1433 (2.9480)  time: 0.3383  data: 0.0003  max mem: 8569
Epoch: [18]  [1200/1251]  eta: 0:00:18  lr: 0.000017  loss: 3.0711 (2.9594)  time: 0.3624  data: 0.0064  max mem: 8569
Epoch: [18]  [1250/1251]  eta: 0:00:00  lr: 0.000017  loss: 3.0400 (2.9597)  time: 0.3284  data: 0.0007  max mem: 8569
Epoch: [18] Total time: 0:07:31 (0.3609 s / it)
Averaged stats: lr: 0.000017  loss: 3.0400 (2.9682)
Epoch: [19]  [   0/1251]  eta: 1:39:19  lr: 0.000015  loss: 2.9951 (2.9951)  time: 4.7640  data: 4.3974  max mem: 8569
Epoch: [19]  [ 200/1251]  eta: 0:06:50  lr: 0.000015  loss: 3.0279 (2.9523)  time: 0.3851  data: 0.0003  max mem: 8569
Epoch: [19]  [ 400/1251]  eta: 0:05:19  lr: 0.000015  loss: 3.2593 (2.9740)  time: 0.3557  data: 0.0084  max mem: 8569
Epoch: [19]  [ 600/1251]  eta: 0:04:01  lr: 0.000015  loss: 2.8741 (2.9707)  time: 0.3340  data: 0.0002  max mem: 8569
Epoch: [19]  [ 800/1251]  eta: 0:02:45  lr: 0.000015  loss: 2.9571 (2.9648)  time: 0.3376  data: 0.0003  max mem: 8569
Epoch: [19]  [1000/1251]  eta: 0:01:32  lr: 0.000015  loss: 3.1022 (2.9808)  time: 0.3946  data: 0.0349  max mem: 8569
Epoch: [19]  [1200/1251]  eta: 0:00:18  lr: 0.000015  loss: 3.2750 (2.9761)  time: 0.3830  data: 0.0465  max mem: 8569
Epoch: [19]  [1250/1251]  eta: 0:00:00  lr: 0.000015  loss: 3.2483 (2.9784)  time: 0.3536  data: 0.0294  max mem: 8569
Epoch: [19] Total time: 0:07:40 (0.3678 s / it)
Averaged stats: lr: 0.000015  loss: 3.2483 (2.9688)
Epoch: [20]  [   0/1251]  eta: 1:37:35  lr: 0.000013  loss: 2.7216 (2.7216)  time: 4.6805  data: 4.3522  max mem: 8569
Epoch: [20]  [ 200/1251]  eta: 0:06:45  lr: 0.000013  loss: 3.2920 (2.9532)  time: 0.3712  data: 0.0401  max mem: 8569
Epoch: [20]  [ 400/1251]  eta: 0:05:18  lr: 0.000013  loss: 2.8899 (2.9587)  time: 0.4005  data: 0.0003  max mem: 8569
Epoch: [20]  [ 600/1251]  eta: 0:04:00  lr: 0.000013  loss: 3.2525 (2.9461)  time: 0.3323  data: 0.0003  max mem: 8569
Epoch: [20]  [ 800/1251]  eta: 0:02:45  lr: 0.000013  loss: 3.0486 (2.9419)  time: 0.3347  data: 0.0003  max mem: 8569
Epoch: [20]  [1000/1251]  eta: 0:01:31  lr: 0.000013  loss: 3.0363 (2.9342)  time: 0.3435  data: 0.0110  max mem: 8569
Epoch: [20]  [1200/1251]  eta: 0:00:18  lr: 0.000013  loss: 2.8901 (2.9327)  time: 0.3616  data: 0.0003  max mem: 8569
Epoch: [20]  [1250/1251]  eta: 0:00:00  lr: 0.000013  loss: 3.2082 (2.9351)  time: 0.3259  data: 0.0005  max mem: 8569
Epoch: [20] Total time: 0:07:38 (0.3667 s / it)
Averaged stats: lr: 0.000013  loss: 3.2082 (2.9614)
Epoch: [21]  [   0/1251]  eta: 1:34:51  lr: 0.000012  loss: 2.6183 (2.6183)  time: 4.5494  data: 4.1837  max mem: 8569
Epoch: [21]  [ 200/1251]  eta: 0:06:47  lr: 0.000012  loss: 3.0802 (2.9826)  time: 0.3614  data: 0.0250  max mem: 8569
Epoch: [21]  [ 400/1251]  eta: 0:05:21  lr: 0.000012  loss: 3.2186 (2.9708)  time: 0.3480  data: 0.0003  max mem: 8569
Epoch: [21]  [ 600/1251]  eta: 0:04:03  lr: 0.000012  loss: 3.2567 (2.9790)  time: 0.3472  data: 0.0002  max mem: 8569
Epoch: [21]  [ 800/1251]  eta: 0:02:48  lr: 0.000012  loss: 2.9690 (2.9741)  time: 0.3996  data: 0.0003  max mem: 8569
Epoch: [21]  [1000/1251]  eta: 0:01:33  lr: 0.000012  loss: 3.1883 (2.9761)  time: 0.3426  data: 0.0002  max mem: 8569
Epoch: [21]  [1200/1251]  eta: 0:00:18  lr: 0.000012  loss: 2.8616 (2.9695)  time: 0.3337  data: 0.0002  max mem: 8569
Epoch: [21]  [1250/1251]  eta: 0:00:00  lr: 0.000012  loss: 2.9514 (2.9682)  time: 0.3833  data: 0.0007  max mem: 8569
Epoch: [21] Total time: 0:07:46 (0.3727 s / it)
Averaged stats: lr: 0.000012  loss: 2.9514 (2.9536)
Epoch: [22]  [   0/1251]  eta: 1:49:48  lr: 0.000010  loss: 3.3976 (3.3976)  time: 5.2663  data: 4.9635  max mem: 8569
Epoch: [22]  [ 200/1251]  eta: 0:06:48  lr: 0.000010  loss: 2.9712 (2.9462)  time: 0.3393  data: 0.0052  max mem: 8569
Epoch: [22]  [ 400/1251]  eta: 0:05:24  lr: 0.000010  loss: 2.8716 (2.9556)  time: 0.3744  data: 0.0263  max mem: 8569
Epoch: [22]  [ 600/1251]  eta: 0:04:04  lr: 0.000010  loss: 3.0050 (2.9483)  time: 0.3558  data: 0.0004  max mem: 8569
Epoch: [22]  [ 800/1251]  eta: 0:02:48  lr: 0.000010  loss: 3.1273 (2.9482)  time: 0.3985  data: 0.0130  max mem: 8569
Epoch: [22]  [1000/1251]  eta: 0:01:33  lr: 0.000010  loss: 3.0228 (2.9439)  time: 0.3571  data: 0.0002  max mem: 8569
Epoch: [22]  [1200/1251]  eta: 0:00:19  lr: 0.000010  loss: 3.0808 (2.9524)  time: 0.4126  data: 0.0797  max mem: 8569
Epoch: [22]  [1250/1251]  eta: 0:00:00  lr: 0.000010  loss: 2.9116 (2.9514)  time: 0.3319  data: 0.0007  max mem: 8569
Epoch: [22] Total time: 0:07:44 (0.3715 s / it)
Averaged stats: lr: 0.000010  loss: 2.9116 (2.9497)
Epoch: [23]  [   0/1251]  eta: 1:36:18  lr: 0.000008  loss: 2.1432 (2.1432)  time: 4.6188  data: 4.3137  max mem: 8569
Epoch: [23]  [ 200/1251]  eta: 0:06:40  lr: 0.000008  loss: 3.2123 (2.9161)  time: 0.3742  data: 0.0003  max mem: 8569
Epoch: [23]  [ 400/1251]  eta: 0:05:14  lr: 0.000008  loss: 2.9672 (2.9359)  time: 0.3366  data: 0.0002  max mem: 8569
Epoch: [23]  [ 600/1251]  eta: 0:03:58  lr: 0.000008  loss: 2.8694 (2.9494)  time: 0.3369  data: 0.0002  max mem: 8569
Epoch: [23]  [ 800/1251]  eta: 0:02:44  lr: 0.000008  loss: 3.1682 (2.9492)  time: 0.3447  data: 0.0003  max mem: 8569
Epoch: [23]  [1000/1251]  eta: 0:01:31  lr: 0.000008  loss: 2.9658 (2.9460)  time: 0.3756  data: 0.0444  max mem: 8569
Epoch: [23]  [1200/1251]  eta: 0:00:18  lr: 0.000008  loss: 3.2593 (2.9497)  time: 0.3354  data: 0.0003  max mem: 8569
Epoch: [23]  [1250/1251]  eta: 0:00:00  lr: 0.000008  loss: 3.0801 (2.9503)  time: 0.3274  data: 0.0007  max mem: 8569
Epoch: [23] Total time: 0:07:32 (0.3616 s / it)
Averaged stats: lr: 0.000008  loss: 3.0801 (2.9461)
Epoch: [24]  [   0/1251]  eta: 1:26:21  lr: 0.000007  loss: 3.4121 (3.4121)  time: 4.1417  data: 3.8226  max mem: 8569
Epoch: [24]  [ 200/1251]  eta: 0:06:51  lr: 0.000007  loss: 2.6594 (2.9801)  time: 0.4200  data: 0.0003  max mem: 8569
Epoch: [24]  [ 400/1251]  eta: 0:05:23  lr: 0.000007  loss: 2.9455 (2.9646)  time: 0.3596  data: 0.0303  max mem: 8569
Epoch: [24]  [ 600/1251]  eta: 0:04:04  lr: 0.000007  loss: 3.1113 (2.9481)  time: 0.3395  data: 0.0003  max mem: 8569
Epoch: [24]  [ 800/1251]  eta: 0:02:48  lr: 0.000007  loss: 3.2775 (2.9646)  time: 0.3777  data: 0.0003  max mem: 8569
Epoch: [24]  [1000/1251]  eta: 0:01:33  lr: 0.000007  loss: 3.0683 (2.9606)  time: 0.3783  data: 0.0361  max mem: 8569
Epoch: [24]  [1200/1251]  eta: 0:00:19  lr: 0.000007  loss: 2.8337 (2.9655)  time: 0.4146  data: 0.0807  max mem: 8569
Epoch: [24]  [1250/1251]  eta: 0:00:00  lr: 0.000007  loss: 3.1654 (2.9678)  time: 0.3303  data: 0.0007  max mem: 8569
Epoch: [24] Total time: 0:07:45 (0.3720 s / it)
Averaged stats: lr: 0.000007  loss: 3.1654 (2.9633)
Epoch: [25]  [   0/1251]  eta: 1:31:56  lr: 0.000006  loss: 3.4934 (3.4934)  time: 4.4099  data: 4.0464  max mem: 8569
Epoch: [25]  [ 200/1251]  eta: 0:06:45  lr: 0.000006  loss: 3.1718 (2.9525)  time: 0.3841  data: 0.0335  max mem: 8569
Epoch: [25]  [ 400/1251]  eta: 0:05:20  lr: 0.000006  loss: 3.1256 (2.9484)  time: 0.3887  data: 0.0003  max mem: 8569
Epoch: [25]  [ 600/1251]  eta: 0:04:01  lr: 0.000006  loss: 3.1423 (2.9608)  time: 0.3405  data: 0.0002  max mem: 8569
Epoch: [25]  [ 800/1251]  eta: 0:02:46  lr: 0.000006  loss: 3.0842 (2.9484)  time: 0.3791  data: 0.0002  max mem: 8569
Epoch: [25]  [1000/1251]  eta: 0:01:32  lr: 0.000006  loss: 3.0127 (2.9624)  time: 0.3756  data: 0.0003  max mem: 8569
Epoch: [25]  [1200/1251]  eta: 0:00:18  lr: 0.000006  loss: 3.1871 (2.9648)  time: 0.3495  data: 0.0002  max mem: 8569
Epoch: [25]  [1250/1251]  eta: 0:00:00  lr: 0.000006  loss: 2.8634 (2.9613)  time: 0.3301  data: 0.0007  max mem: 8569
Epoch: [25] Total time: 0:07:40 (0.3683 s / it)
Averaged stats: lr: 0.000006  loss: 2.8634 (2.9526)
Epoch: [26]  [   0/1251]  eta: 1:33:26  lr: 0.000005  loss: 3.2232 (3.2232)  time: 4.4814  data: 4.1527  max mem: 8569
Epoch: [26]  [ 200/1251]  eta: 0:06:42  lr: 0.000005  loss: 3.2106 (2.9628)  time: 0.3543  data: 0.0003  max mem: 8569
Epoch: [26]  [ 400/1251]  eta: 0:05:18  lr: 0.000005  loss: 3.0483 (2.9687)  time: 0.3660  data: 0.0003  max mem: 8569
Epoch: [26]  [ 600/1251]  eta: 0:04:00  lr: 0.000005  loss: 3.2371 (2.9661)  time: 0.3284  data: 0.0002  max mem: 8569
Epoch: [26]  [ 800/1251]  eta: 0:02:45  lr: 0.000005  loss: 3.1454 (2.9632)  time: 0.3773  data: 0.0474  max mem: 8569
Epoch: [26]  [1000/1251]  eta: 0:01:31  lr: 0.000005  loss: 3.2049 (2.9638)  time: 0.3386  data: 0.0003  max mem: 8569
Epoch: [26]  [1200/1251]  eta: 0:00:18  lr: 0.000005  loss: 2.8251 (2.9567)  time: 0.3371  data: 0.0002  max mem: 8569
Epoch: [26]  [1250/1251]  eta: 0:00:00  lr: 0.000005  loss: 3.1168 (2.9552)  time: 0.3248  data: 0.0008  max mem: 8569
Epoch: [26] Total time: 0:07:37 (0.3656 s / it)
Averaged stats: lr: 0.000005  loss: 3.1168 (2.9505)
Epoch: [27]  [   0/1251]  eta: 1:32:29  lr: 0.000004  loss: 3.3079 (3.3079)  time: 4.4360  data: 4.0830  max mem: 8569
Epoch: [27]  [ 200/1251]  eta: 0:06:48  lr: 0.000004  loss: 2.9955 (2.9382)  time: 0.3360  data: 0.0003  max mem: 8569
Epoch: [27]  [ 400/1251]  eta: 0:05:23  lr: 0.000004  loss: 2.8904 (2.9211)  time: 0.4019  data: 0.0002  max mem: 8569
Epoch: [27]  [ 600/1251]  eta: 0:04:03  lr: 0.000004  loss: 3.2537 (2.9266)  time: 0.3563  data: 0.0170  max mem: 8569
Epoch: [27]  [ 800/1251]  eta: 0:02:48  lr: 0.000004  loss: 3.0221 (2.9294)  time: 0.3585  data: 0.0215  max mem: 8569
Epoch: [27]  [1000/1251]  eta: 0:01:33  lr: 0.000004  loss: 3.2458 (2.9387)  time: 0.3360  data: 0.0002  max mem: 8569
Epoch: [27]  [1200/1251]  eta: 0:00:18  lr: 0.000004  loss: 3.1030 (2.9434)  time: 0.3536  data: 0.0002  max mem: 8569
Epoch: [27]  [1250/1251]  eta: 0:00:00  lr: 0.000004  loss: 2.7261 (2.9383)  time: 0.3422  data: 0.0156  max mem: 8569
Epoch: [27] Total time: 0:07:42 (0.3699 s / it)
Averaged stats: lr: 0.000004  loss: 2.7261 (2.9389)
Epoch: [28]  [   0/1251]  eta: 1:30:57  lr: 0.000003  loss: 3.1395 (3.1395)  time: 4.3625  data: 3.9957  max mem: 8569
Epoch: [28]  [ 200/1251]  eta: 0:06:51  lr: 0.000003  loss: 3.0204 (3.0204)  time: 0.3631  data: 0.0002  max mem: 8569
Epoch: [28]  [ 400/1251]  eta: 0:05:25  lr: 0.000003  loss: 3.0261 (2.9578)  time: 0.3329  data: 0.0003  max mem: 8569
Epoch: [28]  [ 600/1251]  eta: 0:04:05  lr: 0.000003  loss: 3.1684 (2.9731)  time: 0.3412  data: 0.0003  max mem: 8569
Epoch: [28]  [ 800/1251]  eta: 0:02:50  lr: 0.000003  loss: 2.9766 (2.9521)  time: 0.3838  data: 0.0003  max mem: 8569
Epoch: [28]  [1000/1251]  eta: 0:01:34  lr: 0.000003  loss: 2.9459 (2.9359)  time: 0.3689  data: 0.0345  max mem: 8569
Epoch: [28]  [1200/1251]  eta: 0:00:19  lr: 0.000003  loss: 3.0114 (2.9325)  time: 0.3848  data: 0.0314  max mem: 8569
Epoch: [28]  [1250/1251]  eta: 0:00:00  lr: 0.000003  loss: 3.1179 (2.9363)  time: 0.3291  data: 0.0007  max mem: 8569
Epoch: [28] Total time: 0:07:48 (0.3741 s / it)
Averaged stats: lr: 0.000003  loss: 3.1179 (2.9367)
Epoch: [29]  [   0/1251]  eta: 1:33:04  lr: 0.000002  loss: 3.3402 (3.3402)  time: 4.4642  data: 4.0983  max mem: 8569
Epoch: [29]  [ 200/1251]  eta: 0:06:58  lr: 0.000002  loss: 2.8449 (2.8940)  time: 0.3585  data: 0.0003  max mem: 8569
Epoch: [29]  [ 400/1251]  eta: 0:05:29  lr: 0.000002  loss: 2.9888 (2.9289)  time: 0.3327  data: 0.0002  max mem: 8569
Epoch: [29]  [ 600/1251]  eta: 0:04:11  lr: 0.000002  loss: 2.9828 (2.9209)  time: 0.4685  data: 0.0010  max mem: 8569
Epoch: [29]  [ 800/1251]  eta: 0:02:52  lr: 0.000002  loss: 3.1129 (2.9299)  time: 0.3344  data: 0.0002  max mem: 8569
Epoch: [29]  [1000/1251]  eta: 0:01:36  lr: 0.000002  loss: 3.2030 (2.9272)  time: 0.4128  data: 0.0070  max mem: 8569
Epoch: [29]  [1200/1251]  eta: 0:00:19  lr: 0.000002  loss: 3.0197 (2.9339)  time: 0.4189  data: 0.0002  max mem: 8569
Epoch: [29]  [1250/1251]  eta: 0:00:00  lr: 0.000002  loss: 2.9153 (2.9308)  time: 0.3358  data: 0.0007  max mem: 8569
Epoch: [29] Total time: 0:07:58 (0.3822 s / it)
Averaged stats: lr: 0.000002  loss: 2.9153 (2.9377)
Test:  [ 0/33]  eta: 0:03:49  loss: 0.5045 (0.5045)  acc1: 90.3646 (90.3646)  acc5: 98.6979 (98.6979)  time: 6.9673  data: 6.6740  max mem: 8569
Test:  [10/33]  eta: 0:00:27  loss: 0.7417 (0.7348)  acc1: 83.3333 (84.0436)  acc5: 97.1354 (96.8513)  time: 1.2099  data: 1.0494  max mem: 8569
Test:  [20/33]  eta: 0:00:10  loss: 0.7947 (0.8699)  acc1: 79.9479 (80.9400)  acc5: 95.5729 (94.9653)  time: 0.4870  data: 0.3400  max mem: 8569
Test:  [30/33]  eta: 0:00:01  loss: 1.1005 (0.9421)  acc1: 76.0417 (79.1331)  acc5: 92.7083 (94.4136)  time: 0.3340  data: 0.1873  max mem: 8569
Test:  [32/33]  eta: 0:00:00  loss: 1.1005 (0.9324)  acc1: 76.0417 (79.1920)  acc5: 92.7083 (94.4720)  time: 0.3308  data: 0.1873  max mem: 8569
Test: Total time: 0:00:20 (0.6171 s / it)
* Acc@1 79.024 Acc@5 94.412 loss 0.935
Accuracy of the network on the 50000 test images: 79.0%
Max accuracy: 79.02%
Training time 3:51:34
