GMACs: 2.0830414740000003
number of params: 22050664
output_dir: ./data
Start training for 30 epochs
Epoch: [0]  [   0/1251]  eta: 2:41:20  lr: 0.000040  loss: 4.2049 (4.2049)  time: 7.7381  data: 5.8142  max mem: 7641
Epoch: [0]  [ 200/1251]  eta: 0:07:14  lr: 0.000040  loss: 3.0065 (3.2457)  time: 0.3718  data: 0.0003  max mem: 7900
Epoch: [0]  [ 400/1251]  eta: 0:05:34  lr: 0.000040  loss: 3.2551 (3.1700)  time: 0.3704  data: 0.0003  max mem: 7900
Epoch: [0]  [ 600/1251]  eta: 0:04:10  lr: 0.000040  loss: 3.3059 (3.1629)  time: 0.3675  data: 0.0017  max mem: 7900
Epoch: [0]  [ 800/1251]  eta: 0:02:52  lr: 0.000040  loss: 3.2121 (3.1486)  time: 0.3753  data: 0.0005  max mem: 7900
Epoch: [0]  [1000/1251]  eta: 0:01:35  lr: 0.000040  loss: 3.2180 (3.1284)  time: 0.3683  data: 0.0003  max mem: 7900
Epoch: [0]  [1200/1251]  eta: 0:00:19  lr: 0.000040  loss: 3.3228 (3.1298)  time: 0.3733  data: 0.0003  max mem: 7900
Epoch: [0]  [1250/1251]  eta: 0:00:00  lr: 0.000040  loss: 3.1411 (3.1263)  time: 0.3642  data: 0.0007  max mem: 7900
Epoch: [0] Total time: 0:07:53 (0.3784 s / it)
Averaged stats: lr: 0.000040  loss: 3.1411 (3.1245)
Test:  [ 0/33]  eta: 0:04:50  loss: 0.5213 (0.5213)  acc1: 90.3646 (90.3646)  acc5: 98.1771 (98.1771)  time: 8.8121  data: 8.2685  max mem: 7900
Test:  [10/33]  eta: 0:00:22  loss: 0.7655 (0.7856)  acc1: 82.8125 (83.2860)  acc5: 96.3542 (96.1648)  time: 0.9573  data: 0.7521  max mem: 7900
Test:  [20/33]  eta: 0:00:08  loss: 0.8885 (0.9344)  acc1: 79.6875 (79.6007)  acc5: 94.5312 (94.2088)  time: 0.2401  data: 0.0805  max mem: 7900
Test:  [30/33]  eta: 0:00:01  loss: 1.1711 (1.0133)  acc1: 73.4375 (77.5370)  acc5: 91.4062 (93.4056)  time: 0.3190  data: 0.1712  max mem: 7900
Test:  [32/33]  eta: 0:00:00  loss: 1.1711 (1.0027)  acc1: 73.4375 (77.5280)  acc5: 91.4062 (93.5040)  time: 0.3182  data: 0.1744  max mem: 7900
Test: Total time: 0:00:17 (0.5259 s / it)
* Acc@1 77.444 Acc@5 93.592 loss 1.005
Accuracy of the network on the 50000 test images: 77.4%
Max accuracy: 77.44%
Epoch: [1]  [   0/1251]  eta: 1:57:03  lr: 0.000040  loss: 3.0930 (3.0930)  time: 5.6144  data: 4.5419  max mem: 7900
Epoch: [1]  [ 200/1251]  eta: 0:07:01  lr: 0.000040  loss: 3.3410 (3.1690)  time: 0.3712  data: 0.0003  max mem: 7901
Epoch: [1]  [ 400/1251]  eta: 0:05:27  lr: 0.000040  loss: 2.8888 (3.1048)  time: 0.3675  data: 0.0003  max mem: 7901
Epoch: [1]  [ 600/1251]  eta: 0:04:07  lr: 0.000040  loss: 2.9308 (3.0989)  time: 0.3705  data: 0.0003  max mem: 7901
Epoch: [1]  [ 800/1251]  eta: 0:02:50  lr: 0.000040  loss: 3.1227 (3.0807)  time: 0.3715  data: 0.0003  max mem: 7901
Epoch: [1]  [1000/1251]  eta: 0:01:34  lr: 0.000040  loss: 3.0315 (3.0786)  time: 0.3685  data: 0.0003  max mem: 7901
Epoch: [1]  [1200/1251]  eta: 0:00:19  lr: 0.000040  loss: 3.3459 (3.0792)  time: 0.3748  data: 0.0003  max mem: 7901
Epoch: [1]  [1250/1251]  eta: 0:00:00  lr: 0.000040  loss: 3.1325 (3.0779)  time: 0.3627  data: 0.0007  max mem: 7901
Epoch: [1] Total time: 0:07:49 (0.3753 s / it)
Averaged stats: lr: 0.000040  loss: 3.1325 (3.0844)
Epoch: [2]  [   0/1251]  eta: 1:38:47  lr: 0.000040  loss: 2.7766 (2.7766)  time: 4.7384  data: 4.1132  max mem: 7901
Epoch: [2]  [ 200/1251]  eta: 0:06:53  lr: 0.000040  loss: 3.3092 (3.1653)  time: 0.3728  data: 0.0003  max mem: 7901
Epoch: [2]  [ 400/1251]  eta: 0:05:25  lr: 0.000040  loss: 3.0707 (3.0922)  time: 0.3708  data: 0.0004  max mem: 7901
Epoch: [2]  [ 600/1251]  eta: 0:04:06  lr: 0.000040  loss: 3.2562 (3.0866)  time: 0.3718  data: 0.0003  max mem: 7901
Epoch: [2]  [ 800/1251]  eta: 0:02:49  lr: 0.000040  loss: 3.2784 (3.0877)  time: 0.3722  data: 0.0003  max mem: 7901
Epoch: [2]  [1000/1251]  eta: 0:01:34  lr: 0.000040  loss: 3.0429 (3.0775)  time: 0.3736  data: 0.0003  max mem: 7901
Epoch: [2]  [1200/1251]  eta: 0:00:19  lr: 0.000040  loss: 3.2389 (3.0845)  time: 0.3703  data: 0.0003  max mem: 7901
Epoch: [2]  [1250/1251]  eta: 0:00:00  lr: 0.000040  loss: 3.2041 (3.0859)  time: 0.3640  data: 0.0007  max mem: 7901
Epoch: [2] Total time: 0:07:48 (0.3748 s / it)
Averaged stats: lr: 0.000040  loss: 3.2041 (3.0763)
Epoch: [3]  [   0/1251]  eta: 1:41:39  lr: 0.000040  loss: 2.7852 (2.7852)  time: 4.8759  data: 4.4586  max mem: 7901
Epoch: [3]  [ 200/1251]  eta: 0:07:00  lr: 0.000040  loss: 2.8517 (3.0260)  time: 0.3742  data: 0.0017  max mem: 7901
Epoch: [3]  [ 400/1251]  eta: 0:05:28  lr: 0.000040  loss: 3.1327 (3.0413)  time: 0.3717  data: 0.0003  max mem: 7901
Epoch: [3]  [ 600/1251]  eta: 0:04:08  lr: 0.000040  loss: 3.1770 (3.0468)  time: 0.3717  data: 0.0003  max mem: 7901
Epoch: [3]  [ 800/1251]  eta: 0:02:51  lr: 0.000040  loss: 3.1833 (3.0551)  time: 0.3735  data: 0.0006  max mem: 7901
Epoch: [3]  [1000/1251]  eta: 0:01:34  lr: 0.000040  loss: 3.2717 (3.0714)  time: 0.3733  data: 0.0003  max mem: 7901
Epoch: [3]  [1200/1251]  eta: 0:00:19  lr: 0.000040  loss: 3.2410 (3.0664)  time: 0.3755  data: 0.0005  max mem: 7901
Epoch: [3]  [1250/1251]  eta: 0:00:00  lr: 0.000040  loss: 3.1329 (3.0690)  time: 0.3635  data: 0.0009  max mem: 7901
Epoch: [3] Total time: 0:07:51 (0.3772 s / it)
Averaged stats: lr: 0.000040  loss: 3.1329 (3.0773)
Epoch: [4]  [   0/1251]  eta: 1:44:06  lr: 0.000039  loss: 3.6554 (3.6554)  time: 4.9931  data: 4.5670  max mem: 7901
Epoch: [4]  [ 200/1251]  eta: 0:06:55  lr: 0.000039  loss: 3.1795 (3.0579)  time: 0.3705  data: 0.0004  max mem: 7901
Epoch: [4]  [ 400/1251]  eta: 0:05:26  lr: 0.000039  loss: 3.2904 (3.0775)  time: 0.3721  data: 0.0003  max mem: 7901
Epoch: [4]  [ 600/1251]  eta: 0:04:07  lr: 0.000039  loss: 3.2497 (3.0681)  time: 0.3714  data: 0.0003  max mem: 7901
Epoch: [4]  [ 800/1251]  eta: 0:02:50  lr: 0.000039  loss: 3.0300 (3.0683)  time: 0.3723  data: 0.0003  max mem: 7901
Epoch: [4]  [1000/1251]  eta: 0:01:34  lr: 0.000039  loss: 3.1336 (3.0794)  time: 0.3706  data: 0.0003  max mem: 7901
Epoch: [4]  [1200/1251]  eta: 0:00:19  lr: 0.000039  loss: 3.2906 (3.0763)  time: 0.3693  data: 0.0003  max mem: 7901
Epoch: [4]  [1250/1251]  eta: 0:00:00  lr: 0.000039  loss: 3.3463 (3.0760)  time: 0.3636  data: 0.0007  max mem: 7901
Epoch: [4] Total time: 0:07:49 (0.3754 s / it)
Averaged stats: lr: 0.000039  loss: 3.3463 (3.0637)
Epoch: [5]  [   0/1251]  eta: 1:53:27  lr: 0.000038  loss: 3.4203 (3.4203)  time: 5.4417  data: 5.0365  max mem: 7901
Epoch: [5]  [ 200/1251]  eta: 0:06:59  lr: 0.000038  loss: 3.1194 (3.1115)  time: 0.3695  data: 0.0015  max mem: 7901
Epoch: [5]  [ 400/1251]  eta: 0:05:28  lr: 0.000038  loss: 3.0666 (3.0818)  time: 0.3667  data: 0.0003  max mem: 7901
Epoch: [5]  [ 600/1251]  eta: 0:04:08  lr: 0.000038  loss: 2.7240 (3.0622)  time: 0.3707  data: 0.0003  max mem: 7901
Epoch: [5]  [ 800/1251]  eta: 0:02:50  lr: 0.000038  loss: 3.2601 (3.0435)  time: 0.3709  data: 0.0003  max mem: 7901
Epoch: [5]  [1000/1251]  eta: 0:01:34  lr: 0.000038  loss: 3.2336 (3.0493)  time: 0.3693  data: 0.0003  max mem: 7901
Epoch: [5]  [1200/1251]  eta: 0:00:19  lr: 0.000038  loss: 3.0608 (3.0488)  time: 0.3757  data: 0.0003  max mem: 7901
Epoch: [5]  [1250/1251]  eta: 0:00:00  lr: 0.000038  loss: 3.0545 (3.0497)  time: 0.3648  data: 0.0008  max mem: 7901
Epoch: [5] Total time: 0:07:50 (0.3759 s / it)
Averaged stats: lr: 0.000038  loss: 3.0545 (3.0612)
Epoch: [6]  [   0/1251]  eta: 1:45:41  lr: 0.000037  loss: 2.4107 (2.4107)  time: 5.0690  data: 4.6486  max mem: 7901
Epoch: [6]  [ 200/1251]  eta: 0:06:56  lr: 0.000037  loss: 3.3477 (3.0511)  time: 0.3698  data: 0.0003  max mem: 7901
Epoch: [6]  [ 400/1251]  eta: 0:05:26  lr: 0.000037  loss: 3.3225 (3.0505)  time: 0.3704  data: 0.0003  max mem: 7901
Epoch: [6]  [ 600/1251]  eta: 0:04:07  lr: 0.000037  loss: 3.2943 (3.0364)  time: 0.3719  data: 0.0003  max mem: 7901
Epoch: [6]  [ 800/1251]  eta: 0:02:50  lr: 0.000037  loss: 2.9696 (3.0383)  time: 0.3675  data: 0.0003  max mem: 7901
Epoch: [6]  [1000/1251]  eta: 0:01:34  lr: 0.000037  loss: 3.3114 (3.0477)  time: 0.3687  data: 0.0003  max mem: 7901
Epoch: [6]  [1200/1251]  eta: 0:00:19  lr: 0.000037  loss: 3.1217 (3.0524)  time: 0.3706  data: 0.0003  max mem: 7901
Epoch: [6]  [1250/1251]  eta: 0:00:00  lr: 0.000037  loss: 3.2587 (3.0559)  time: 0.3639  data: 0.0008  max mem: 7901
Epoch: [6] Total time: 0:07:49 (0.3753 s / it)
Averaged stats: lr: 0.000037  loss: 3.2587 (3.0581)
Epoch: [7]  [   0/1251]  eta: 1:45:47  lr: 0.000036  loss: 3.3491 (3.3491)  time: 5.0737  data: 4.2309  max mem: 7901
Epoch: [7]  [ 200/1251]  eta: 0:06:57  lr: 0.000036  loss: 2.8898 (3.0643)  time: 0.3787  data: 0.0003  max mem: 7901
Epoch: [7]  [ 400/1251]  eta: 0:05:27  lr: 0.000036  loss: 2.9512 (3.0379)  time: 0.3720  data: 0.0003  max mem: 7901
Epoch: [7]  [ 600/1251]  eta: 0:04:07  lr: 0.000036  loss: 3.0328 (3.0315)  time: 0.3680  data: 0.0003  max mem: 7901
Epoch: [7]  [ 800/1251]  eta: 0:02:50  lr: 0.000036  loss: 2.9658 (3.0461)  time: 0.3724  data: 0.0003  max mem: 7901
Epoch: [7]  [1000/1251]  eta: 0:01:34  lr: 0.000036  loss: 3.0264 (3.0524)  time: 0.3715  data: 0.0003  max mem: 7901
Epoch: [7]  [1200/1251]  eta: 0:00:19  lr: 0.000036  loss: 3.0473 (3.0485)  time: 0.3721  data: 0.0003  max mem: 7901
Epoch: [7]  [1250/1251]  eta: 0:00:00  lr: 0.000036  loss: 3.1022 (3.0481)  time: 0.3676  data: 0.0007  max mem: 7901
Epoch: [7] Total time: 0:07:49 (0.3756 s / it)
Averaged stats: lr: 0.000036  loss: 3.1022 (3.0418)
Epoch: [8]  [   0/1251]  eta: 1:49:43  lr: 0.000035  loss: 3.1252 (3.1252)  time: 5.2625  data: 4.7818  max mem: 7901
Epoch: [8]  [ 200/1251]  eta: 0:06:55  lr: 0.000035  loss: 3.2676 (3.1074)  time: 0.3703  data: 0.0004  max mem: 7901
Epoch: [8]  [ 400/1251]  eta: 0:05:26  lr: 0.000035  loss: 3.0605 (3.0770)  time: 0.3729  data: 0.0003  max mem: 7901
Epoch: [8]  [ 600/1251]  eta: 0:04:06  lr: 0.000035  loss: 3.0195 (3.0493)  time: 0.3674  data: 0.0003  max mem: 7901
Epoch: [8]  [ 800/1251]  eta: 0:02:49  lr: 0.000035  loss: 3.1098 (3.0485)  time: 0.3711  data: 0.0003  max mem: 7901
Epoch: [8]  [1000/1251]  eta: 0:01:34  lr: 0.000035  loss: 3.3454 (3.0491)  time: 0.3738  data: 0.0003  max mem: 7901
Epoch: [8]  [1200/1251]  eta: 0:00:19  lr: 0.000035  loss: 3.2589 (3.0490)  time: 0.3685  data: 0.0003  max mem: 7901
Epoch: [8]  [1250/1251]  eta: 0:00:00  lr: 0.000035  loss: 3.2480 (3.0481)  time: 0.3618  data: 0.0007  max mem: 7901
Epoch: [8] Total time: 0:07:48 (0.3748 s / it)
Averaged stats: lr: 0.000035  loss: 3.2480 (3.0432)
Epoch: [9]  [   0/1251]  eta: 1:46:17  lr: 0.000034  loss: 2.5274 (2.5274)  time: 5.0982  data: 4.6405  max mem: 7901
Epoch: [9]  [ 200/1251]  eta: 0:06:56  lr: 0.000034  loss: 3.2418 (3.0845)  time: 0.3705  data: 0.0003  max mem: 7901
Epoch: [9]  [ 400/1251]  eta: 0:05:27  lr: 0.000034  loss: 3.4362 (3.0754)  time: 0.3729  data: 0.0003  max mem: 7901
Epoch: [9]  [ 600/1251]  eta: 0:04:07  lr: 0.000034  loss: 3.1594 (3.0549)  time: 0.3689  data: 0.0003  max mem: 7901
Epoch: [9]  [ 800/1251]  eta: 0:02:50  lr: 0.000034  loss: 3.1271 (3.0515)  time: 0.3699  data: 0.0003  max mem: 7901
Epoch: [9]  [1000/1251]  eta: 0:01:34  lr: 0.000034  loss: 3.0377 (3.0360)  time: 0.3731  data: 0.0003  max mem: 7901
Epoch: [9]  [1200/1251]  eta: 0:00:19  lr: 0.000034  loss: 3.0949 (3.0272)  time: 0.3702  data: 0.0003  max mem: 7901
Epoch: [9]  [1250/1251]  eta: 0:00:00  lr: 0.000034  loss: 3.2005 (3.0285)  time: 0.3661  data: 0.0007  max mem: 7901
Epoch: [9] Total time: 0:07:49 (0.3754 s / it)
Averaged stats: lr: 0.000034  loss: 3.2005 (3.0528)
Epoch: [10]  [   0/1251]  eta: 1:57:58  lr: 0.000032  loss: 3.6584 (3.6584)  time: 5.6583  data: 5.2972  max mem: 7901
Epoch: [10]  [ 200/1251]  eta: 0:06:57  lr: 0.000032  loss: 3.2488 (3.0925)  time: 0.3673  data: 0.0003  max mem: 7901
Epoch: [10]  [ 400/1251]  eta: 0:05:26  lr: 0.000032  loss: 3.4119 (3.0780)  time: 0.3709  data: 0.0003  max mem: 7901
Epoch: [10]  [ 600/1251]  eta: 0:04:07  lr: 0.000032  loss: 3.1630 (3.0686)  time: 0.3685  data: 0.0003  max mem: 7901
Epoch: [10]  [ 800/1251]  eta: 0:02:50  lr: 0.000032  loss: 2.8508 (3.0552)  time: 0.3703  data: 0.0003  max mem: 7901
Epoch: [10]  [1000/1251]  eta: 0:01:34  lr: 0.000032  loss: 2.9629 (3.0530)  time: 0.3693  data: 0.0003  max mem: 7901
Epoch: [10]  [1200/1251]  eta: 0:00:19  lr: 0.000032  loss: 3.2313 (3.0366)  time: 0.3680  data: 0.0003  max mem: 7901
Epoch: [10]  [1250/1251]  eta: 0:00:00  lr: 0.000032  loss: 3.1738 (3.0377)  time: 0.3653  data: 0.0007  max mem: 7901
Epoch: [10] Total time: 0:07:48 (0.3746 s / it)
Averaged stats: lr: 0.000032  loss: 3.1738 (3.0373)
Epoch: [11]  [   0/1251]  eta: 1:57:51  lr: 0.000031  loss: 3.4155 (3.4155)  time: 5.6529  data: 5.2639  max mem: 7901
Epoch: [11]  [ 200/1251]  eta: 0:06:59  lr: 0.000031  loss: 2.9615 (2.9964)  time: 0.3751  data: 0.0003  max mem: 7901
Epoch: [11]  [ 400/1251]  eta: 0:05:28  lr: 0.000031  loss: 3.2854 (3.0484)  time: 0.3722  data: 0.0003  max mem: 7901
Epoch: [11]  [ 600/1251]  eta: 0:04:07  lr: 0.000031  loss: 3.1353 (3.0357)  time: 0.3716  data: 0.0003  max mem: 7901
Epoch: [11]  [ 800/1251]  eta: 0:02:50  lr: 0.000031  loss: 3.1278 (3.0559)  time: 0.3681  data: 0.0003  max mem: 7901
Epoch: [11]  [1000/1251]  eta: 0:01:34  lr: 0.000031  loss: 3.0842 (3.0419)  time: 0.3732  data: 0.0008  max mem: 7901
Epoch: [11]  [1200/1251]  eta: 0:00:19  lr: 0.000031  loss: 3.1588 (3.0404)  time: 0.3703  data: 0.0003  max mem: 7901
Epoch: [11]  [1250/1251]  eta: 0:00:00  lr: 0.000031  loss: 3.2180 (3.0411)  time: 0.3670  data: 0.0008  max mem: 7901
Epoch: [11] Total time: 0:07:50 (0.3758 s / it)
Averaged stats: lr: 0.000031  loss: 3.2180 (3.0252)
Epoch: [12]  [   0/1251]  eta: 1:39:28  lr: 0.000029  loss: 3.6693 (3.6693)  time: 4.7712  data: 4.3343  max mem: 7901
Epoch: [12]  [ 200/1251]  eta: 0:06:59  lr: 0.000029  loss: 3.2299 (3.0287)  time: 0.3738  data: 0.0008  max mem: 7901
Epoch: [12]  [ 400/1251]  eta: 0:05:28  lr: 0.000029  loss: 3.0603 (3.0264)  time: 0.3803  data: 0.0003  max mem: 7901
Epoch: [12]  [ 600/1251]  eta: 0:04:08  lr: 0.000029  loss: 3.1527 (3.0302)  time: 0.3770  data: 0.0003  max mem: 7901
Epoch: [12]  [ 800/1251]  eta: 0:02:51  lr: 0.000029  loss: 3.1118 (3.0288)  time: 0.3737  data: 0.0007  max mem: 7901
Epoch: [12]  [1000/1251]  eta: 0:01:35  lr: 0.000029  loss: 3.1267 (3.0247)  time: 0.3739  data: 0.0003  max mem: 7901
Epoch: [12]  [1200/1251]  eta: 0:00:19  lr: 0.000029  loss: 3.3212 (3.0268)  time: 0.3752  data: 0.0003  max mem: 7901
Epoch: [12]  [1250/1251]  eta: 0:00:00  lr: 0.000029  loss: 3.1251 (3.0259)  time: 0.3654  data: 0.0017  max mem: 7901
Epoch: [12] Total time: 0:07:52 (0.3779 s / it)
Averaged stats: lr: 0.000029  loss: 3.1251 (3.0339)
Epoch: [13]  [   0/1251]  eta: 1:45:37  lr: 0.000027  loss: 2.0201 (2.0201)  time: 5.0662  data: 4.6470  max mem: 7901
Epoch: [13]  [ 200/1251]  eta: 0:06:58  lr: 0.000027  loss: 2.8213 (2.9689)  time: 0.3743  data: 0.0003  max mem: 7901
Epoch: [13]  [ 400/1251]  eta: 0:05:28  lr: 0.000027  loss: 3.1279 (2.9898)  time: 0.3806  data: 0.0003  max mem: 7901
Epoch: [13]  [ 600/1251]  eta: 0:04:07  lr: 0.000027  loss: 3.1567 (3.0036)  time: 0.3708  data: 0.0003  max mem: 7901
Epoch: [13]  [ 800/1251]  eta: 0:02:50  lr: 0.000027  loss: 2.9127 (2.9946)  time: 0.3677  data: 0.0004  max mem: 7901
Epoch: [13]  [1000/1251]  eta: 0:01:34  lr: 0.000027  loss: 3.1427 (3.0024)  time: 0.3712  data: 0.0003  max mem: 7901
Epoch: [13]  [1200/1251]  eta: 0:00:19  lr: 0.000027  loss: 2.8571 (3.0013)  time: 0.3738  data: 0.0004  max mem: 7901
Epoch: [13]  [1250/1251]  eta: 0:00:00  lr: 0.000027  loss: 3.0615 (3.0019)  time: 0.3651  data: 0.0010  max mem: 7901
Epoch: [13] Total time: 0:07:50 (0.3760 s / it)
Averaged stats: lr: 0.000027  loss: 3.0615 (3.0144)
Epoch: [14]  [   0/1251]  eta: 1:51:35  lr: 0.000025  loss: 3.5372 (3.5372)  time: 5.3518  data: 4.9645  max mem: 7901
Epoch: [14]  [ 200/1251]  eta: 0:06:57  lr: 0.000025  loss: 3.3038 (3.0117)  time: 0.3701  data: 0.0004  max mem: 7901
Epoch: [14]  [ 400/1251]  eta: 0:05:27  lr: 0.000025  loss: 3.2052 (3.0007)  time: 0.3727  data: 0.0003  max mem: 7901
Epoch: [14]  [ 600/1251]  eta: 0:04:07  lr: 0.000025  loss: 3.3573 (3.0091)  time: 0.3735  data: 0.0003  max mem: 7901
Epoch: [14]  [ 800/1251]  eta: 0:02:50  lr: 0.000025  loss: 2.9187 (3.0246)  time: 0.3719  data: 0.0003  max mem: 7901
Epoch: [14]  [1000/1251]  eta: 0:01:34  lr: 0.000025  loss: 3.1488 (3.0246)  time: 0.3705  data: 0.0004  max mem: 7901
Epoch: [14]  [1200/1251]  eta: 0:00:19  lr: 0.000025  loss: 2.7352 (3.0135)  time: 0.3692  data: 0.0004  max mem: 7901
Epoch: [14]  [1250/1251]  eta: 0:00:00  lr: 0.000025  loss: 2.9140 (3.0106)  time: 0.3641  data: 0.0008  max mem: 7901
Epoch: [14] Total time: 0:07:49 (0.3756 s / it)
Averaged stats: lr: 0.000025  loss: 2.9140 (3.0138)
Epoch: [15]  [   0/1251]  eta: 1:48:25  lr: 0.000023  loss: 3.1267 (3.1267)  time: 5.2000  data: 4.8340  max mem: 7901
Epoch: [15]  [ 200/1251]  eta: 0:06:56  lr: 0.000023  loss: 3.0122 (3.0104)  time: 0.3728  data: 0.0003  max mem: 7901
Epoch: [15]  [ 400/1251]  eta: 0:05:26  lr: 0.000023  loss: 3.0367 (3.0052)  time: 0.3705  data: 0.0003  max mem: 7901
Epoch: [15]  [ 600/1251]  eta: 0:04:07  lr: 0.000023  loss: 3.2646 (3.0186)  time: 0.3707  data: 0.0007  max mem: 7901
Epoch: [15]  [ 800/1251]  eta: 0:02:50  lr: 0.000023  loss: 3.2306 (3.0219)  time: 0.3721  data: 0.0004  max mem: 7901
Epoch: [15]  [1000/1251]  eta: 0:01:34  lr: 0.000023  loss: 3.2261 (3.0205)  time: 0.3705  data: 0.0003  max mem: 7901
Epoch: [15]  [1200/1251]  eta: 0:00:19  lr: 0.000023  loss: 3.1879 (3.0153)  time: 0.3710  data: 0.0003  max mem: 7901
Epoch: [15]  [1250/1251]  eta: 0:00:00  lr: 0.000023  loss: 3.0304 (3.0133)  time: 0.3653  data: 0.0007  max mem: 7901
Epoch: [15] Total time: 0:07:50 (0.3761 s / it)
Averaged stats: lr: 0.000023  loss: 3.0304 (3.0061)
Epoch: [16]  [   0/1251]  eta: 1:32:52  lr: 0.000021  loss: 3.2149 (3.2149)  time: 4.4544  data: 4.0433  max mem: 7901
Epoch: [16]  [ 200/1251]  eta: 0:06:57  lr: 0.000021  loss: 3.0729 (3.0221)  time: 0.3745  data: 0.0004  max mem: 7901
Epoch: [16]  [ 400/1251]  eta: 0:05:27  lr: 0.000021  loss: 2.9276 (3.0135)  time: 0.3724  data: 0.0003  max mem: 7901
Epoch: [16]  [ 600/1251]  eta: 0:04:07  lr: 0.000021  loss: 3.2299 (3.0334)  time: 0.3725  data: 0.0012  max mem: 7901
Epoch: [16]  [ 800/1251]  eta: 0:02:50  lr: 0.000021  loss: 3.2722 (3.0270)  time: 0.3696  data: 0.0003  max mem: 7901
Epoch: [16]  [1000/1251]  eta: 0:01:34  lr: 0.000021  loss: 3.0952 (3.0197)  time: 0.3688  data: 0.0003  max mem: 7901
Epoch: [16]  [1200/1251]  eta: 0:00:19  lr: 0.000021  loss: 3.1597 (3.0147)  time: 0.3770  data: 0.0003  max mem: 7901
Epoch: [16]  [1250/1251]  eta: 0:00:00  lr: 0.000021  loss: 3.1136 (3.0149)  time: 0.3650  data: 0.0007  max mem: 7901
Epoch: [16] Total time: 0:07:50 (0.3761 s / it)
Averaged stats: lr: 0.000021  loss: 3.1136 (3.0050)
Epoch: [17]  [   0/1251]  eta: 1:41:12  lr: 0.000019  loss: 2.9242 (2.9242)  time: 4.8543  data: 4.4169  max mem: 7901
Epoch: [17]  [ 200/1251]  eta: 0:06:55  lr: 0.000019  loss: 3.0494 (2.9633)  time: 0.3692  data: 0.0003  max mem: 7901
Epoch: [17]  [ 400/1251]  eta: 0:05:27  lr: 0.000019  loss: 2.7724 (2.9471)  time: 0.3708  data: 0.0003  max mem: 7901
Epoch: [17]  [ 600/1251]  eta: 0:04:07  lr: 0.000019  loss: 2.8499 (2.9758)  time: 0.3733  data: 0.0003  max mem: 7901
Epoch: [17]  [ 800/1251]  eta: 0:02:50  lr: 0.000019  loss: 3.0488 (2.9874)  time: 0.3742  data: 0.0004  max mem: 7901
Epoch: [17]  [1000/1251]  eta: 0:01:34  lr: 0.000019  loss: 3.3226 (2.9872)  time: 0.3707  data: 0.0003  max mem: 7901
Epoch: [17]  [1200/1251]  eta: 0:00:19  lr: 0.000019  loss: 3.2564 (3.0052)  time: 0.3712  data: 0.0003  max mem: 7901
Epoch: [17]  [1250/1251]  eta: 0:00:00  lr: 0.000019  loss: 3.2881 (3.0080)  time: 0.3667  data: 0.0008  max mem: 7901
Epoch: [17] Total time: 0:07:50 (0.3758 s / it)
Averaged stats: lr: 0.000019  loss: 3.2881 (3.0112)
Epoch: [18]  [   0/1251]  eta: 1:52:42  lr: 0.000017  loss: 2.9064 (2.9064)  time: 5.4059  data: 4.9335  max mem: 7901
Epoch: [18]  [ 200/1251]  eta: 0:07:01  lr: 0.000017  loss: 3.1281 (2.9524)  time: 0.3731  data: 0.0003  max mem: 7901
Epoch: [18]  [ 400/1251]  eta: 0:05:29  lr: 0.000017  loss: 3.2785 (2.9720)  time: 0.3734  data: 0.0003  max mem: 7901
Epoch: [18]  [ 600/1251]  eta: 0:04:08  lr: 0.000017  loss: 3.1564 (2.9734)  time: 0.3704  data: 0.0003  max mem: 7901
Epoch: [18]  [ 800/1251]  eta: 0:02:51  lr: 0.000017  loss: 3.3145 (2.9779)  time: 0.3695  data: 0.0004  max mem: 7901
Epoch: [18]  [1000/1251]  eta: 0:01:34  lr: 0.000017  loss: 3.1434 (2.9734)  time: 0.3696  data: 0.0005  max mem: 7901
Epoch: [18]  [1200/1251]  eta: 0:00:19  lr: 0.000017  loss: 3.1140 (2.9847)  time: 0.3703  data: 0.0005  max mem: 7901
Epoch: [18]  [1250/1251]  eta: 0:00:00  lr: 0.000017  loss: 3.1329 (2.9843)  time: 0.3648  data: 0.0008  max mem: 7901
Epoch: [18] Total time: 0:07:51 (0.3769 s / it)
Averaged stats: lr: 0.000017  loss: 3.1329 (2.9953)
Epoch: [19]  [   0/1251]  eta: 1:38:29  lr: 0.000015  loss: 2.9362 (2.9362)  time: 4.7241  data: 3.8153  max mem: 7901
Epoch: [19]  [ 200/1251]  eta: 0:06:55  lr: 0.000015  loss: 3.1966 (2.9724)  time: 0.3713  data: 0.0011  max mem: 7901
Epoch: [19]  [ 400/1251]  eta: 0:05:26  lr: 0.000015  loss: 3.3371 (2.9969)  time: 0.3702  data: 0.0003  max mem: 7901
Epoch: [19]  [ 600/1251]  eta: 0:04:07  lr: 0.000015  loss: 2.9127 (2.9927)  time: 0.3719  data: 0.0003  max mem: 7901
Epoch: [19]  [ 800/1251]  eta: 0:02:50  lr: 0.000015  loss: 3.0981 (2.9900)  time: 0.3692  data: 0.0007  max mem: 7901
Epoch: [19]  [1000/1251]  eta: 0:01:34  lr: 0.000015  loss: 3.1170 (3.0056)  time: 0.3713  data: 0.0003  max mem: 7901
Epoch: [19]  [1200/1251]  eta: 0:00:19  lr: 0.000015  loss: 3.2023 (3.0006)  time: 0.3713  data: 0.0003  max mem: 7901
Epoch: [19]  [1250/1251]  eta: 0:00:00  lr: 0.000015  loss: 3.2487 (3.0023)  time: 0.3642  data: 0.0008  max mem: 7901
Epoch: [19] Total time: 0:07:50 (0.3763 s / it)
Averaged stats: lr: 0.000015  loss: 3.2487 (2.9959)
Epoch: [20]  [   0/1251]  eta: 1:36:36  lr: 0.000013  loss: 2.8268 (2.8268)  time: 4.6336  data: 4.1827  max mem: 7901
Epoch: [20]  [ 200/1251]  eta: 0:06:56  lr: 0.000013  loss: 3.2884 (2.9786)  time: 0.3728  data: 0.0003  max mem: 7901
Epoch: [20]  [ 400/1251]  eta: 0:05:26  lr: 0.000013  loss: 2.9876 (2.9841)  time: 0.3700  data: 0.0014  max mem: 7901
Epoch: [20]  [ 600/1251]  eta: 0:04:06  lr: 0.000013  loss: 3.1776 (2.9700)  time: 0.3700  data: 0.0003  max mem: 7901
Epoch: [20]  [ 800/1251]  eta: 0:02:50  lr: 0.000013  loss: 3.1297 (2.9675)  time: 0.3685  data: 0.0003  max mem: 7901
Epoch: [20]  [1000/1251]  eta: 0:01:34  lr: 0.000013  loss: 3.0851 (2.9611)  time: 0.3696  data: 0.0006  max mem: 7901
Epoch: [20]  [1200/1251]  eta: 0:00:19  lr: 0.000013  loss: 2.9785 (2.9592)  time: 0.3708  data: 0.0003  max mem: 7901
Epoch: [20]  [1250/1251]  eta: 0:00:00  lr: 0.000013  loss: 3.3058 (2.9624)  time: 0.3649  data: 0.0008  max mem: 7901
Epoch: [20] Total time: 0:07:48 (0.3745 s / it)
Averaged stats: lr: 0.000013  loss: 3.3058 (2.9894)
Epoch: [21]  [   0/1251]  eta: 1:35:37  lr: 0.000012  loss: 2.7627 (2.7627)  time: 4.5863  data: 4.1632  max mem: 7901
Epoch: [21]  [ 200/1251]  eta: 0:06:58  lr: 0.000012  loss: 3.0052 (3.0174)  time: 0.3758  data: 0.0003  max mem: 7901
Epoch: [21]  [ 400/1251]  eta: 0:05:28  lr: 0.000012  loss: 3.2871 (3.0074)  time: 0.3704  data: 0.0003  max mem: 7901
Epoch: [21]  [ 600/1251]  eta: 0:04:08  lr: 0.000012  loss: 3.2248 (3.0132)  time: 0.3738  data: 0.0003  max mem: 7901
Epoch: [21]  [ 800/1251]  eta: 0:02:51  lr: 0.000012  loss: 3.0312 (3.0071)  time: 0.3682  data: 0.0005  max mem: 7901
Epoch: [21]  [1000/1251]  eta: 0:01:34  lr: 0.000012  loss: 3.1824 (3.0069)  time: 0.3730  data: 0.0003  max mem: 7901
Epoch: [21]  [1200/1251]  eta: 0:00:19  lr: 0.000012  loss: 2.9447 (2.9997)  time: 0.3725  data: 0.0003  max mem: 7901
Epoch: [21]  [1250/1251]  eta: 0:00:00  lr: 0.000012  loss: 2.9944 (2.9978)  time: 0.3647  data: 0.0007  max mem: 7901
Epoch: [21] Total time: 0:07:51 (0.3772 s / it)
Averaged stats: lr: 0.000012  loss: 2.9944 (2.9813)
Epoch: [22]  [   0/1251]  eta: 1:46:01  lr: 0.000010  loss: 3.6296 (3.6296)  time: 5.0854  data: 4.6892  max mem: 7901
Epoch: [22]  [ 200/1251]  eta: 0:06:57  lr: 0.000010  loss: 3.0141 (2.9772)  time: 0.3714  data: 0.0003  max mem: 7901
Epoch: [22]  [ 400/1251]  eta: 0:05:27  lr: 0.000010  loss: 2.9113 (2.9820)  time: 0.3719  data: 0.0004  max mem: 7901
Epoch: [22]  [ 600/1251]  eta: 0:04:07  lr: 0.000010  loss: 3.1261 (2.9770)  time: 0.3715  data: 0.0003  max mem: 7901
Epoch: [22]  [ 800/1251]  eta: 0:02:50  lr: 0.000010  loss: 3.1643 (2.9756)  time: 0.3713  data: 0.0003  max mem: 7901
Epoch: [22]  [1000/1251]  eta: 0:01:34  lr: 0.000010  loss: 3.0822 (2.9724)  time: 0.3699  data: 0.0003  max mem: 7901
Epoch: [22]  [1200/1251]  eta: 0:00:19  lr: 0.000010  loss: 3.1542 (2.9818)  time: 0.3702  data: 0.0003  max mem: 7901
Epoch: [22]  [1250/1251]  eta: 0:00:00  lr: 0.000010  loss: 2.9642 (2.9799)  time: 0.3688  data: 0.0007  max mem: 7901
Epoch: [22] Total time: 0:07:49 (0.3757 s / it)
Averaged stats: lr: 0.000010  loss: 2.9642 (2.9779)
Epoch: [23]  [   0/1251]  eta: 1:31:13  lr: 0.000008  loss: 2.1666 (2.1666)  time: 4.3756  data: 3.9786  max mem: 7901
Epoch: [23]  [ 200/1251]  eta: 0:06:57  lr: 0.000008  loss: 3.2815 (2.9529)  time: 0.3724  data: 0.0003  max mem: 7901
Epoch: [23]  [ 400/1251]  eta: 0:05:27  lr: 0.000008  loss: 3.0609 (2.9616)  time: 0.3733  data: 0.0003  max mem: 7901
Epoch: [23]  [ 600/1251]  eta: 0:04:07  lr: 0.000008  loss: 2.8465 (2.9770)  time: 0.3749  data: 0.0005  max mem: 7901
Epoch: [23]  [ 800/1251]  eta: 0:02:50  lr: 0.000008  loss: 3.2356 (2.9816)  time: 0.3707  data: 0.0003  max mem: 7901
Epoch: [23]  [1000/1251]  eta: 0:01:34  lr: 0.000008  loss: 3.0283 (2.9776)  time: 0.3710  data: 0.0003  max mem: 7901
Epoch: [23]  [1200/1251]  eta: 0:00:19  lr: 0.000008  loss: 3.2187 (2.9808)  time: 0.3722  data: 0.0003  max mem: 7901
Epoch: [23]  [1250/1251]  eta: 0:00:00  lr: 0.000008  loss: 2.9453 (2.9805)  time: 0.3662  data: 0.0007  max mem: 7901
Epoch: [23] Total time: 0:07:50 (0.3758 s / it)
Averaged stats: lr: 0.000008  loss: 2.9453 (2.9748)
Epoch: [24]  [   0/1251]  eta: 2:01:34  lr: 0.000007  loss: 3.4893 (3.4893)  time: 5.8310  data: 5.4715  max mem: 7901
Epoch: [24]  [ 200/1251]  eta: 0:07:00  lr: 0.000007  loss: 2.7467 (3.0005)  time: 0.3773  data: 0.0003  max mem: 7901
Epoch: [24]  [ 400/1251]  eta: 0:05:28  lr: 0.000007  loss: 2.9491 (2.9824)  time: 0.3711  data: 0.0003  max mem: 7901
Epoch: [24]  [ 600/1251]  eta: 0:04:07  lr: 0.000007  loss: 3.1295 (2.9715)  time: 0.3719  data: 0.0003  max mem: 7901
Epoch: [24]  [ 800/1251]  eta: 0:02:50  lr: 0.000007  loss: 3.3189 (2.9879)  time: 0.3683  data: 0.0004  max mem: 7901
Epoch: [24]  [1000/1251]  eta: 0:01:34  lr: 0.000007  loss: 3.1134 (2.9855)  time: 0.3666  data: 0.0003  max mem: 7901
Epoch: [24]  [1200/1251]  eta: 0:00:19  lr: 0.000007  loss: 2.8921 (2.9931)  time: 0.3720  data: 0.0006  max mem: 7901
Epoch: [24]  [1250/1251]  eta: 0:00:00  lr: 0.000007  loss: 3.0987 (2.9953)  time: 0.3649  data: 0.0007  max mem: 7901
Epoch: [24] Total time: 0:07:49 (0.3754 s / it)
Averaged stats: lr: 0.000007  loss: 3.0987 (2.9911)
Epoch: [25]  [   0/1251]  eta: 1:41:24  lr: 0.000006  loss: 3.7115 (3.7115)  time: 4.8637  data: 4.4582  max mem: 7901
Epoch: [25]  [ 200/1251]  eta: 0:06:55  lr: 0.000006  loss: 3.2043 (2.9899)  time: 0.3658  data: 0.0003  max mem: 7901
Epoch: [25]  [ 400/1251]  eta: 0:05:26  lr: 0.000006  loss: 3.0561 (2.9863)  time: 0.3697  data: 0.0003  max mem: 7901
Epoch: [25]  [ 600/1251]  eta: 0:04:07  lr: 0.000006  loss: 3.2122 (2.9948)  time: 0.3696  data: 0.0003  max mem: 7901
Epoch: [25]  [ 800/1251]  eta: 0:02:50  lr: 0.000006  loss: 3.0653 (2.9812)  time: 0.3685  data: 0.0003  max mem: 7901
Epoch: [25]  [1000/1251]  eta: 0:01:34  lr: 0.000006  loss: 3.1137 (2.9917)  time: 0.3698  data: 0.0003  max mem: 7901
Epoch: [25]  [1200/1251]  eta: 0:00:19  lr: 0.000006  loss: 3.2375 (2.9944)  time: 0.3705  data: 0.0003  max mem: 7901
Epoch: [25]  [1250/1251]  eta: 0:00:00  lr: 0.000006  loss: 2.8889 (2.9904)  time: 0.3650  data: 0.0007  max mem: 7901
Epoch: [25] Total time: 0:07:49 (0.3751 s / it)
Averaged stats: lr: 0.000006  loss: 2.8889 (2.9808)
Epoch: [26]  [   0/1251]  eta: 1:59:35  lr: 0.000005  loss: 3.1679 (3.1679)  time: 5.7356  data: 5.3753  max mem: 7901
Epoch: [26]  [ 200/1251]  eta: 0:06:57  lr: 0.000005  loss: 3.1986 (2.9759)  time: 0.3705  data: 0.0003  max mem: 7901
Epoch: [26]  [ 400/1251]  eta: 0:05:26  lr: 0.000005  loss: 3.0912 (2.9851)  time: 0.3704  data: 0.0003  max mem: 7901
Epoch: [26]  [ 600/1251]  eta: 0:04:07  lr: 0.000005  loss: 3.2064 (2.9889)  time: 0.3709  data: 0.0003  max mem: 7901
Epoch: [26]  [ 800/1251]  eta: 0:02:50  lr: 0.000005  loss: 3.2293 (2.9881)  time: 0.3711  data: 0.0003  max mem: 7901
Epoch: [26]  [1000/1251]  eta: 0:01:34  lr: 0.000005  loss: 3.2599 (2.9868)  time: 0.3742  data: 0.0003  max mem: 7901
Epoch: [26]  [1200/1251]  eta: 0:00:19  lr: 0.000005  loss: 2.7720 (2.9797)  time: 0.3716  data: 0.0003  max mem: 7901
Epoch: [26]  [1250/1251]  eta: 0:00:00  lr: 0.000005  loss: 3.1042 (2.9778)  time: 0.3647  data: 0.0007  max mem: 7901
Epoch: [26] Total time: 0:07:48 (0.3748 s / it)
Averaged stats: lr: 0.000005  loss: 3.1042 (2.9767)
Epoch: [27]  [   0/1251]  eta: 1:31:27  lr: 0.000004  loss: 3.1961 (3.1961)  time: 4.3862  data: 3.9927  max mem: 7901
Epoch: [27]  [ 200/1251]  eta: 0:06:56  lr: 0.000004  loss: 3.1067 (2.9672)  time: 0.3689  data: 0.0003  max mem: 7901
Epoch: [27]  [ 400/1251]  eta: 0:05:26  lr: 0.000004  loss: 2.9636 (2.9411)  time: 0.3743  data: 0.0003  max mem: 7901
Epoch: [27]  [ 600/1251]  eta: 0:04:07  lr: 0.000004  loss: 3.2973 (2.9526)  time: 0.3679  data: 0.0003  max mem: 7901
Epoch: [27]  [ 800/1251]  eta: 0:02:50  lr: 0.000004  loss: 3.0478 (2.9546)  time: 0.3781  data: 0.0003  max mem: 7901
Epoch: [27]  [1000/1251]  eta: 0:01:34  lr: 0.000004  loss: 3.3324 (2.9629)  time: 0.3723  data: 0.0003  max mem: 7901
Epoch: [27]  [1200/1251]  eta: 0:00:19  lr: 0.000004  loss: 3.1617 (2.9681)  time: 0.3705  data: 0.0006  max mem: 7901
Epoch: [27]  [1250/1251]  eta: 0:00:00  lr: 0.000004  loss: 2.7806 (2.9631)  time: 0.3623  data: 0.0007  max mem: 7901
Epoch: [27] Total time: 0:07:49 (0.3749 s / it)
Averaged stats: lr: 0.000004  loss: 2.7806 (2.9652)
Epoch: [28]  [   0/1251]  eta: 1:38:54  lr: 0.000003  loss: 3.3291 (3.3291)  time: 4.7439  data: 4.3231  max mem: 7901
Epoch: [28]  [ 200/1251]  eta: 0:06:56  lr: 0.000003  loss: 3.0220 (3.0380)  time: 0.3730  data: 0.0003  max mem: 7901
Epoch: [28]  [ 400/1251]  eta: 0:05:27  lr: 0.000003  loss: 3.0746 (2.9791)  time: 0.3705  data: 0.0003  max mem: 7901
Epoch: [28]  [ 600/1251]  eta: 0:04:07  lr: 0.000003  loss: 3.2659 (2.9950)  time: 0.3697  data: 0.0009  max mem: 7901
Epoch: [28]  [ 800/1251]  eta: 0:02:50  lr: 0.000003  loss: 2.9439 (2.9759)  time: 0.3720  data: 0.0004  max mem: 7901
Epoch: [28]  [1000/1251]  eta: 0:01:34  lr: 0.000003  loss: 3.0833 (2.9602)  time: 0.3717  data: 0.0003  max mem: 7901
Epoch: [28]  [1200/1251]  eta: 0:00:19  lr: 0.000003  loss: 2.9517 (2.9570)  time: 0.3705  data: 0.0003  max mem: 7901
Epoch: [28]  [1250/1251]  eta: 0:00:00  lr: 0.000003  loss: 3.1958 (2.9612)  time: 0.3622  data: 0.0008  max mem: 7901
Epoch: [28] Total time: 0:07:49 (0.3751 s / it)
Averaged stats: lr: 0.000003  loss: 3.1958 (2.9632)
Epoch: [29]  [   0/1251]  eta: 1:49:56  lr: 0.000002  loss: 3.1397 (3.1397)  time: 5.2729  data: 4.8647  max mem: 7901
Epoch: [29]  [ 200/1251]  eta: 0:06:55  lr: 0.000002  loss: 2.7732 (2.9239)  time: 0.3708  data: 0.0003  max mem: 7901
Epoch: [29]  [ 400/1251]  eta: 0:05:27  lr: 0.000002  loss: 2.9636 (2.9540)  time: 0.3735  data: 0.0003  max mem: 7901
Epoch: [29]  [ 600/1251]  eta: 0:04:07  lr: 0.000002  loss: 3.0616 (2.9482)  time: 0.3689  data: 0.0003  max mem: 7901
Epoch: [29]  [ 800/1251]  eta: 0:02:50  lr: 0.000002  loss: 3.1625 (2.9592)  time: 0.3698  data: 0.0003  max mem: 7901
Epoch: [29]  [1000/1251]  eta: 0:01:34  lr: 0.000002  loss: 3.1636 (2.9551)  time: 0.3732  data: 0.0003  max mem: 7901
Epoch: [29]  [1200/1251]  eta: 0:00:19  lr: 0.000002  loss: 3.0512 (2.9608)  time: 0.3726  data: 0.0003  max mem: 7901
Epoch: [29]  [1250/1251]  eta: 0:00:00  lr: 0.000002  loss: 2.9229 (2.9582)  time: 0.3663  data: 0.0008  max mem: 7901
Epoch: [29] Total time: 0:07:49 (0.3753 s / it)
Averaged stats: lr: 0.000002  loss: 2.9229 (2.9647)
Test:  [ 0/33]  eta: 0:03:15  loss: 0.5150 (0.5150)  acc1: 89.8438 (89.8438)  acc5: 98.6979 (98.6979)  time: 5.9296  data: 5.7810  max mem: 7901
Test:  [10/33]  eta: 0:00:22  loss: 0.7596 (0.7488)  acc1: 83.8542 (83.5464)  acc5: 96.6146 (96.6856)  time: 0.9692  data: 0.8187  max mem: 7901
Test:  [20/33]  eta: 0:00:08  loss: 0.8254 (0.8862)  acc1: 79.6875 (80.4067)  acc5: 95.3125 (94.8537)  time: 0.3938  data: 0.2471  max mem: 7901
Test:  [30/33]  eta: 0:00:01  loss: 1.1148 (0.9590)  acc1: 75.7812 (78.5702)  acc5: 92.1875 (94.1196)  time: 0.3019  data: 0.1614  max mem: 7901
Test:  [32/33]  eta: 0:00:00  loss: 1.1148 (0.9486)  acc1: 75.2604 (78.5840)  acc5: 92.1875 (94.2000)  time: 0.2860  data: 0.1483  max mem: 7901
Test: Total time: 0:00:17 (0.5338 s / it)
* Acc@1 78.648 Acc@5 94.238 loss 0.946
Accuracy of the network on the 50000 test images: 78.6%
Max accuracy: 78.65%
Training time 3:55:59
