GMACs: 1.8232578940000002
number of params: 22050664
output_dir: ./data
Start training for 30 epochs
Epoch: [0]  [   0/1251]  eta: 4:26:55  lr: 0.000040  loss: 4.9358 (4.9358)  time: 12.8024  data: 6.6218  max mem: 6766
Epoch: [0]  [ 200/1251]  eta: 0:09:35  lr: 0.000040  loss: 3.1595 (3.4463)  time: 0.4719  data: 0.0029  max mem: 7025
Epoch: [0]  [ 400/1251]  eta: 0:07:24  lr: 0.000040  loss: 3.3488 (3.3356)  time: 0.4883  data: 0.0007  max mem: 7025
Epoch: [0]  [ 600/1251]  eta: 0:05:33  lr: 0.000040  loss: 3.4363 (3.3144)  time: 0.5722  data: 0.2363  max mem: 7025
Epoch: [0]  [ 800/1251]  eta: 0:03:49  lr: 0.000040  loss: 3.3005 (3.2907)  time: 0.5937  data: 0.0246  max mem: 7025
Epoch: [0]  [1000/1251]  eta: 0:02:05  lr: 0.000040  loss: 3.3299 (3.2640)  time: 0.3707  data: 0.0473  max mem: 7025
Epoch: [0]  [1200/1251]  eta: 0:00:25  lr: 0.000040  loss: 3.4652 (3.2613)  time: 0.5034  data: 0.1481  max mem: 7025
Epoch: [0]  [1250/1251]  eta: 0:00:00  lr: 0.000040  loss: 3.2629 (3.2569)  time: 0.3263  data: 0.0221  max mem: 7025
Epoch: [0] Total time: 0:10:21 (0.4966 s / it)
Averaged stats: lr: 0.000040  loss: 3.2629 (3.2542)
Test:  [ 0/33]  eta: 0:04:10  loss: 0.5835 (0.5835)  acc1: 88.2812 (88.2812)  acc5: 97.6562 (97.6562)  time: 7.5791  data: 6.2050  max mem: 7025
Test:  [10/33]  eta: 0:00:26  loss: 0.7972 (0.8351)  acc1: 81.5104 (81.6288)  acc5: 96.8750 (96.1174)  time: 1.1408  data: 0.8599  max mem: 7025
Test:  [20/33]  eta: 0:00:12  loss: 0.9779 (0.9930)  acc1: 76.5625 (78.1126)  acc5: 94.5312 (93.6384)  time: 0.6215  data: 0.4625  max mem: 7025
Test:  [30/33]  eta: 0:00:02  loss: 1.2246 (1.0742)  acc1: 71.8750 (76.1425)  acc5: 90.6250 (92.9267)  time: 0.5874  data: 0.4480  max mem: 7025
Test:  [32/33]  eta: 0:00:00  loss: 1.2246 (1.0628)  acc1: 71.6146 (76.1600)  acc5: 90.6250 (93.0240)  time: 0.3933  data: 0.2589  max mem: 7025
Test: Total time: 0:00:26 (0.7944 s / it)
* Acc@1 76.176 Acc@5 92.962 loss 1.065
Accuracy of the network on the 50000 test images: 76.2%
Max accuracy: 76.18%
Epoch: [1]  [   0/1251]  eta: 2:47:15  lr: 0.000040  loss: 3.2257 (3.2257)  time: 8.0223  data: 5.0022  max mem: 7025
Epoch: [1]  [ 200/1251]  eta: 0:09:23  lr: 0.000040  loss: 3.4572 (3.2759)  time: 0.5259  data: 0.0019  max mem: 7025
Epoch: [1]  [ 400/1251]  eta: 0:07:17  lr: 0.000040  loss: 2.9798 (3.2071)  time: 0.4946  data: 0.0013  max mem: 7025
Epoch: [1]  [ 600/1251]  eta: 0:05:27  lr: 0.000040  loss: 3.0185 (3.1998)  time: 0.5010  data: 0.0019  max mem: 7025
Epoch: [1]  [ 800/1251]  eta: 0:03:44  lr: 0.000040  loss: 3.2102 (3.1811)  time: 0.4945  data: 0.0683  max mem: 7025
Epoch: [1]  [1000/1251]  eta: 0:02:04  lr: 0.000040  loss: 3.1243 (3.1786)  time: 0.5433  data: 0.1277  max mem: 7025
Epoch: [1]  [1200/1251]  eta: 0:00:24  lr: 0.000040  loss: 3.4446 (3.1791)  time: 0.4920  data: 0.0064  max mem: 7025
Epoch: [1]  [1250/1251]  eta: 0:00:00  lr: 0.000040  loss: 3.2870 (3.1777)  time: 0.3504  data: 0.0045  max mem: 7025
Epoch: [1] Total time: 0:10:06 (0.4849 s / it)
Averaged stats: lr: 0.000040  loss: 3.2870 (3.1850)
Epoch: [2]  [   0/1251]  eta: 2:46:43  lr: 0.000040  loss: 2.8404 (2.8404)  time: 7.9961  data: 7.6262  max mem: 7025
Epoch: [2]  [ 200/1251]  eta: 0:08:53  lr: 0.000040  loss: 3.4480 (3.2604)  time: 0.5209  data: 0.1119  max mem: 7025
Epoch: [2]  [ 400/1251]  eta: 0:06:51  lr: 0.000040  loss: 3.1717 (3.1857)  time: 0.4556  data: 0.0571  max mem: 7025
Epoch: [2]  [ 600/1251]  eta: 0:05:09  lr: 0.000040  loss: 3.3361 (3.1789)  time: 0.4695  data: 0.0005  max mem: 7025
Epoch: [2]  [ 800/1251]  eta: 0:03:34  lr: 0.000040  loss: 3.3475 (3.1799)  time: 0.4289  data: 0.0190  max mem: 7025
Epoch: [2]  [1000/1251]  eta: 0:01:58  lr: 0.000040  loss: 3.1480 (3.1701)  time: 0.4774  data: 0.0106  max mem: 7025
Epoch: [2]  [1200/1251]  eta: 0:00:24  lr: 0.000040  loss: 3.3201 (3.1765)  time: 0.5052  data: 0.0014  max mem: 7025
Epoch: [2]  [1250/1251]  eta: 0:00:00  lr: 0.000040  loss: 3.2920 (3.1783)  time: 0.3235  data: 0.0038  max mem: 7025
Epoch: [2] Total time: 0:09:46 (0.4692 s / it)
Averaged stats: lr: 0.000040  loss: 3.2920 (3.1697)
Epoch: [3]  [   0/1251]  eta: 2:26:11  lr: 0.000040  loss: 2.9095 (2.9095)  time: 7.0115  data: 6.6178  max mem: 7025
Epoch: [3]  [ 200/1251]  eta: 0:08:44  lr: 0.000040  loss: 2.9455 (3.1198)  time: 0.4901  data: 0.0053  max mem: 7025
Epoch: [3]  [ 400/1251]  eta: 0:06:50  lr: 0.000040  loss: 3.2275 (3.1335)  time: 0.5077  data: 0.0021  max mem: 7025
Epoch: [3]  [ 600/1251]  eta: 0:05:09  lr: 0.000040  loss: 3.2875 (3.1382)  time: 0.4671  data: 0.0015  max mem: 7025
Epoch: [3]  [ 800/1251]  eta: 0:03:34  lr: 0.000040  loss: 3.2932 (3.1455)  time: 0.4165  data: 0.0005  max mem: 7025
Epoch: [3]  [1000/1251]  eta: 0:01:59  lr: 0.000040  loss: 3.4002 (3.1628)  time: 0.4018  data: 0.0015  max mem: 7025
Epoch: [3]  [1200/1251]  eta: 0:00:24  lr: 0.000040  loss: 3.3222 (3.1575)  time: 0.5095  data: 0.0010  max mem: 7025
Epoch: [3]  [1250/1251]  eta: 0:00:00  lr: 0.000040  loss: 3.2305 (3.1603)  time: 0.3493  data: 0.0072  max mem: 7025
Epoch: [3] Total time: 0:09:49 (0.4710 s / it)
Averaged stats: lr: 0.000040  loss: 3.2305 (3.1679)
Epoch: [4]  [   0/1251]  eta: 2:17:55  lr: 0.000039  loss: 3.7578 (3.7578)  time: 6.6153  data: 4.7252  max mem: 7025
Epoch: [4]  [ 200/1251]  eta: 0:08:31  lr: 0.000039  loss: 3.2866 (3.1477)  time: 0.4392  data: 0.0051  max mem: 7025
Epoch: [4]  [ 400/1251]  eta: 0:06:40  lr: 0.000039  loss: 3.3582 (3.1685)  time: 0.4334  data: 0.0015  max mem: 7025
Epoch: [4]  [ 600/1251]  eta: 0:05:01  lr: 0.000039  loss: 3.3820 (3.1575)  time: 0.4535  data: 0.0024  max mem: 7025
Epoch: [4]  [ 800/1251]  eta: 0:03:26  lr: 0.000039  loss: 3.0902 (3.1569)  time: 0.4221  data: 0.0017  max mem: 7025
Epoch: [4]  [1000/1251]  eta: 0:01:54  lr: 0.000039  loss: 3.1971 (3.1680)  time: 0.5080  data: 0.0013  max mem: 7025
Epoch: [4]  [1200/1251]  eta: 0:00:23  lr: 0.000039  loss: 3.3721 (3.1649)  time: 0.5144  data: 0.0408  max mem: 7025
Epoch: [4]  [1250/1251]  eta: 0:00:00  lr: 0.000039  loss: 3.4682 (3.1644)  time: 0.3222  data: 0.0191  max mem: 7025
Epoch: [4] Total time: 0:09:27 (0.4533 s / it)
Averaged stats: lr: 0.000039  loss: 3.4682 (3.1517)
Epoch: [5]  [   0/1251]  eta: 2:30:13  lr: 0.000038  loss: 3.5012 (3.5012)  time: 7.2052  data: 6.7891  max mem: 7025
Epoch: [5]  [ 200/1251]  eta: 0:08:32  lr: 0.000038  loss: 3.2331 (3.2044)  time: 0.4445  data: 0.0017  max mem: 7025
Epoch: [5]  [ 400/1251]  eta: 0:06:42  lr: 0.000038  loss: 3.1048 (3.1715)  time: 0.4397  data: 0.0027  max mem: 7025
Epoch: [5]  [ 600/1251]  eta: 0:05:04  lr: 0.000038  loss: 2.8224 (3.1488)  time: 0.4743  data: 0.0762  max mem: 7025
Epoch: [5]  [ 800/1251]  eta: 0:03:30  lr: 0.000038  loss: 3.3540 (3.1286)  time: 0.4854  data: 0.0025  max mem: 7025
Epoch: [5]  [1000/1251]  eta: 0:01:56  lr: 0.000038  loss: 3.3398 (3.1353)  time: 0.5576  data: 0.0028  max mem: 7025
Epoch: [5]  [1200/1251]  eta: 0:00:23  lr: 0.000038  loss: 3.1299 (3.1347)  time: 0.4549  data: 0.0039  max mem: 7025
Epoch: [5]  [1250/1251]  eta: 0:00:00  lr: 0.000038  loss: 3.1584 (3.1356)  time: 0.3302  data: 0.0030  max mem: 7025
Epoch: [5] Total time: 0:09:34 (0.4595 s / it)
Averaged stats: lr: 0.000038  loss: 3.1584 (3.1484)
Epoch: [6]  [   0/1251]  eta: 2:17:38  lr: 0.000037  loss: 2.5274 (2.5274)  time: 6.6015  data: 6.1545  max mem: 7025
Epoch: [6]  [ 200/1251]  eta: 0:08:41  lr: 0.000037  loss: 3.4147 (3.1370)  time: 0.4532  data: 0.0067  max mem: 7025
Epoch: [6]  [ 400/1251]  eta: 0:06:49  lr: 0.000037  loss: 3.4283 (3.1383)  time: 0.4868  data: 0.0062  max mem: 7025
Epoch: [6]  [ 600/1251]  eta: 0:05:07  lr: 0.000037  loss: 3.3620 (3.1218)  time: 0.4666  data: 0.0367  max mem: 7025
Epoch: [6]  [ 800/1251]  eta: 0:03:32  lr: 0.000037  loss: 3.0245 (3.1228)  time: 0.4578  data: 0.0027  max mem: 7025
Epoch: [6]  [1000/1251]  eta: 0:01:57  lr: 0.000037  loss: 3.4097 (3.1328)  time: 0.4278  data: 0.0026  max mem: 7025
Epoch: [6]  [1200/1251]  eta: 0:00:23  lr: 0.000037  loss: 3.2020 (3.1376)  time: 0.3348  data: 0.0017  max mem: 7025
Epoch: [6]  [1250/1251]  eta: 0:00:00  lr: 0.000037  loss: 3.3492 (3.1413)  time: 0.3268  data: 0.0027  max mem: 7025
Epoch: [6] Total time: 0:09:38 (0.4622 s / it)
Averaged stats: lr: 0.000037  loss: 3.3492 (3.1431)
Epoch: [7]  [   0/1251]  eta: 2:55:33  lr: 0.000036  loss: 3.4852 (3.4852)  time: 8.4204  data: 8.0455  max mem: 7025
Epoch: [7]  [ 200/1251]  eta: 0:08:45  lr: 0.000036  loss: 2.9584 (3.1500)  time: 0.4568  data: 0.0039  max mem: 7025
Epoch: [7]  [ 400/1251]  eta: 0:06:57  lr: 0.000036  loss: 3.0394 (3.1234)  time: 0.4949  data: 0.0008  max mem: 7025
Epoch: [7]  [ 600/1251]  eta: 0:05:13  lr: 0.000036  loss: 3.0956 (3.1161)  time: 0.4601  data: 0.0015  max mem: 7025
Epoch: [7]  [ 800/1251]  eta: 0:03:35  lr: 0.000036  loss: 3.0089 (3.1304)  time: 0.4955  data: 0.0023  max mem: 7025
Epoch: [7]  [1000/1251]  eta: 0:01:59  lr: 0.000036  loss: 3.1304 (3.1365)  time: 0.4305  data: 0.0025  max mem: 7025
Epoch: [7]  [1200/1251]  eta: 0:00:24  lr: 0.000036  loss: 3.0879 (3.1317)  time: 0.4283  data: 0.0063  max mem: 7025
Epoch: [7]  [1250/1251]  eta: 0:00:00  lr: 0.000036  loss: 3.2183 (3.1311)  time: 0.3211  data: 0.0022  max mem: 7025
Epoch: [7] Total time: 0:09:44 (0.4674 s / it)
Averaged stats: lr: 0.000036  loss: 3.2183 (3.1248)
Epoch: [8]  [   0/1251]  eta: 2:34:26  lr: 0.000035  loss: 3.1957 (3.1957)  time: 7.4075  data: 7.0879  max mem: 7025
Epoch: [8]  [ 200/1251]  eta: 0:09:38  lr: 0.000035  loss: 3.3450 (3.1923)  time: 0.5714  data: 0.0027  max mem: 7025
Epoch: [8]  [ 400/1251]  eta: 0:07:33  lr: 0.000035  loss: 3.1553 (3.1628)  time: 0.5350  data: 0.0034  max mem: 7025
Epoch: [8]  [ 600/1251]  eta: 0:05:42  lr: 0.000035  loss: 3.0907 (3.1334)  time: 0.4900  data: 0.0036  max mem: 7025
Epoch: [8]  [ 800/1251]  eta: 0:03:55  lr: 0.000035  loss: 3.2101 (3.1320)  time: 0.5259  data: 0.0009  max mem: 7025
Epoch: [8]  [1000/1251]  eta: 0:02:10  lr: 0.000035  loss: 3.3918 (3.1330)  time: 0.5926  data: 0.0018  max mem: 7025
Epoch: [8]  [1200/1251]  eta: 0:00:26  lr: 0.000035  loss: 3.3633 (3.1323)  time: 0.4599  data: 0.0016  max mem: 7025
Epoch: [8]  [1250/1251]  eta: 0:00:00  lr: 0.000035  loss: 3.3725 (3.1316)  time: 0.3342  data: 0.0091  max mem: 7025
Epoch: [8] Total time: 0:10:34 (0.5074 s / it)
Averaged stats: lr: 0.000035  loss: 3.3725 (3.1258)
Epoch: [9]  [   0/1251]  eta: 2:08:41  lr: 0.000034  loss: 2.5685 (2.5685)  time: 6.1727  data: 5.6772  max mem: 7025
Epoch: [9]  [ 200/1251]  eta: 0:08:42  lr: 0.000034  loss: 3.3498 (3.1674)  time: 0.4691  data: 0.0012  max mem: 7025
Epoch: [9]  [ 400/1251]  eta: 0:06:53  lr: 0.000034  loss: 3.4835 (3.1602)  time: 0.5519  data: 0.0017  max mem: 7025
Epoch: [9]  [ 600/1251]  eta: 0:05:10  lr: 0.000034  loss: 3.2419 (3.1393)  time: 0.4524  data: 0.0015  max mem: 7025
Epoch: [9]  [ 800/1251]  eta: 0:03:34  lr: 0.000034  loss: 3.1797 (3.1347)  time: 0.4842  data: 0.0025  max mem: 7025
Epoch: [9]  [1000/1251]  eta: 0:01:58  lr: 0.000034  loss: 3.1307 (3.1176)  time: 0.4128  data: 0.0014  max mem: 7025
Epoch: [9]  [1200/1251]  eta: 0:00:23  lr: 0.000034  loss: 3.1727 (3.1078)  time: 0.4188  data: 0.0031  max mem: 7025
Epoch: [9]  [1250/1251]  eta: 0:00:00  lr: 0.000034  loss: 3.2514 (3.1094)  time: 0.3250  data: 0.0034  max mem: 7025
Epoch: [9] Total time: 0:09:45 (0.4679 s / it)
Averaged stats: lr: 0.000034  loss: 3.2514 (3.1350)
Epoch: [10]  [   0/1251]  eta: 2:36:25  lr: 0.000032  loss: 3.7447 (3.7447)  time: 7.5023  data: 7.1361  max mem: 7025
Epoch: [10]  [ 200/1251]  eta: 0:08:15  lr: 0.000032  loss: 3.3546 (3.1726)  time: 0.4327  data: 0.0064  max mem: 7025
Epoch: [10]  [ 400/1251]  eta: 0:06:26  lr: 0.000032  loss: 3.4861 (3.1563)  time: 0.4451  data: 0.0815  max mem: 7025
Epoch: [10]  [ 600/1251]  eta: 0:04:51  lr: 0.000032  loss: 3.2338 (3.1481)  time: 0.4763  data: 0.0788  max mem: 7025
Epoch: [10]  [ 800/1251]  eta: 0:03:19  lr: 0.000032  loss: 2.8936 (3.1342)  time: 0.4127  data: 0.0044  max mem: 7025
Epoch: [10]  [1000/1251]  eta: 0:01:51  lr: 0.000032  loss: 3.0532 (3.1319)  time: 0.4191  data: 0.0014  max mem: 7025
Epoch: [10]  [1200/1251]  eta: 0:00:22  lr: 0.000032  loss: 3.3075 (3.1150)  time: 0.4294  data: 0.0064  max mem: 7025
Epoch: [10]  [1250/1251]  eta: 0:00:00  lr: 0.000032  loss: 3.2639 (3.1165)  time: 0.2893  data: 0.0010  max mem: 7025
Epoch: [10] Total time: 0:09:09 (0.4393 s / it)
Averaged stats: lr: 0.000032  loss: 3.2639 (3.1177)
Epoch: [11]  [   0/1251]  eta: 2:33:35  lr: 0.000031  loss: 3.5110 (3.5110)  time: 7.3669  data: 7.0314  max mem: 7025
Epoch: [11]  [ 200/1251]  eta: 0:09:03  lr: 0.000031  loss: 3.0528 (3.0766)  time: 0.5330  data: 0.0020  max mem: 7025
Epoch: [11]  [ 400/1251]  eta: 0:07:05  lr: 0.000031  loss: 3.4062 (3.1314)  time: 0.4413  data: 0.0007  max mem: 7025
Epoch: [11]  [ 600/1251]  eta: 0:05:22  lr: 0.000031  loss: 3.2189 (3.1168)  time: 0.4341  data: 0.0037  max mem: 7025
Epoch: [11]  [ 800/1251]  eta: 0:03:42  lr: 0.000031  loss: 3.2017 (3.1383)  time: 0.4505  data: 0.0010  max mem: 7025
Epoch: [11]  [1000/1251]  eta: 0:02:03  lr: 0.000031  loss: 3.1543 (3.1231)  time: 0.4499  data: 0.0066  max mem: 7025
Epoch: [11]  [1200/1251]  eta: 0:00:24  lr: 0.000031  loss: 3.3235 (3.1216)  time: 0.4034  data: 0.0024  max mem: 7025
Epoch: [11]  [1250/1251]  eta: 0:00:00  lr: 0.000031  loss: 3.3629 (3.1225)  time: 0.3278  data: 0.0033  max mem: 7025
Epoch: [11] Total time: 0:10:03 (0.4828 s / it)
Averaged stats: lr: 0.000031  loss: 3.3629 (3.1060)
Epoch: [12]  [   0/1251]  eta: 2:11:12  lr: 0.000029  loss: 3.7365 (3.7365)  time: 6.2932  data: 5.9353  max mem: 7025
Epoch: [12]  [ 200/1251]  eta: 0:08:24  lr: 0.000029  loss: 3.2960 (3.1100)  time: 0.4383  data: 0.0056  max mem: 7025
Epoch: [12]  [ 400/1251]  eta: 0:06:35  lr: 0.000029  loss: 3.1303 (3.1069)  time: 0.4606  data: 0.0353  max mem: 7025
Epoch: [12]  [ 600/1251]  eta: 0:05:00  lr: 0.000029  loss: 3.1967 (3.1102)  time: 0.4803  data: 0.0857  max mem: 7025
Epoch: [12]  [ 800/1251]  eta: 0:03:26  lr: 0.000029  loss: 3.1817 (3.1090)  time: 0.4220  data: 0.0020  max mem: 7025
Epoch: [12]  [1000/1251]  eta: 0:01:54  lr: 0.000029  loss: 3.1849 (3.1043)  time: 0.4439  data: 0.0037  max mem: 7025
Epoch: [12]  [1200/1251]  eta: 0:00:23  lr: 0.000029  loss: 3.4280 (3.1055)  time: 0.4426  data: 0.0012  max mem: 7025
Epoch: [12]  [1250/1251]  eta: 0:00:00  lr: 0.000029  loss: 3.2402 (3.1048)  time: 0.3305  data: 0.0044  max mem: 7025
Epoch: [12] Total time: 0:09:25 (0.4524 s / it)
Averaged stats: lr: 0.000029  loss: 3.2402 (3.1133)
Epoch: [13]  [   0/1251]  eta: 2:57:56  lr: 0.000027  loss: 2.0571 (2.0571)  time: 8.5344  data: 8.1899  max mem: 7025
Epoch: [13]  [ 200/1251]  eta: 0:08:37  lr: 0.000027  loss: 2.8793 (3.0469)  time: 0.5055  data: 0.0031  max mem: 7025
Epoch: [13]  [ 400/1251]  eta: 0:06:50  lr: 0.000027  loss: 3.2149 (3.0678)  time: 0.4920  data: 0.0016  max mem: 7025
Epoch: [13]  [ 600/1251]  eta: 0:05:14  lr: 0.000027  loss: 3.2375 (3.0832)  time: 0.5416  data: 0.0010  max mem: 7025
Epoch: [13]  [ 800/1251]  eta: 0:03:36  lr: 0.000027  loss: 2.9796 (3.0734)  time: 0.4054  data: 0.0016  max mem: 7025
Epoch: [13]  [1000/1251]  eta: 0:02:00  lr: 0.000027  loss: 3.2246 (3.0808)  time: 0.5588  data: 0.0014  max mem: 7025
Epoch: [13]  [1200/1251]  eta: 0:00:24  lr: 0.000027  loss: 2.9473 (3.0794)  time: 0.4217  data: 0.0026  max mem: 7025
Epoch: [13]  [1250/1251]  eta: 0:00:00  lr: 0.000027  loss: 3.1333 (3.0800)  time: 0.3677  data: 0.0009  max mem: 7025
Epoch: [13] Total time: 0:09:55 (0.4761 s / it)
Averaged stats: lr: 0.000027  loss: 3.1333 (3.0930)
Epoch: [14]  [   0/1251]  eta: 1:46:39  lr: 0.000025  loss: 3.5778 (3.5778)  time: 5.1156  data: 4.6832  max mem: 7025
Epoch: [14]  [ 200/1251]  eta: 0:08:02  lr: 0.000025  loss: 3.3954 (3.0888)  time: 0.4218  data: 0.0301  max mem: 7025
Epoch: [14]  [ 400/1251]  eta: 0:06:23  lr: 0.000025  loss: 3.2877 (3.0792)  time: 0.5292  data: 0.0034  max mem: 7025
Epoch: [14]  [ 600/1251]  eta: 0:04:50  lr: 0.000025  loss: 3.4238 (3.0868)  time: 0.4544  data: 0.0041  max mem: 7025
Epoch: [14]  [ 800/1251]  eta: 0:03:19  lr: 0.000025  loss: 2.9705 (3.1031)  time: 0.4013  data: 0.0047  max mem: 7025
Epoch: [14]  [1000/1251]  eta: 0:01:50  lr: 0.000025  loss: 3.2310 (3.1032)  time: 0.4163  data: 0.0035  max mem: 7025
Epoch: [14]  [1200/1251]  eta: 0:00:22  lr: 0.000025  loss: 2.7992 (3.0919)  time: 0.4893  data: 0.0026  max mem: 7025
Epoch: [14]  [1250/1251]  eta: 0:00:00  lr: 0.000025  loss: 2.9726 (3.0887)  time: 0.3156  data: 0.0023  max mem: 7025
Epoch: [14] Total time: 0:09:06 (0.4366 s / it)
Averaged stats: lr: 0.000025  loss: 2.9726 (3.0924)
Epoch: [15]  [   0/1251]  eta: 2:52:48  lr: 0.000023  loss: 3.2112 (3.2112)  time: 8.2884  data: 7.9124  max mem: 7025
Epoch: [15]  [ 200/1251]  eta: 0:08:30  lr: 0.000023  loss: 3.1002 (3.0886)  time: 0.3889  data: 0.0015  max mem: 7025
Epoch: [15]  [ 400/1251]  eta: 0:06:30  lr: 0.000023  loss: 3.1195 (3.0825)  time: 0.4520  data: 0.0501  max mem: 7025
Epoch: [15]  [ 600/1251]  eta: 0:04:52  lr: 0.000023  loss: 3.3347 (3.0953)  time: 0.4168  data: 0.0036  max mem: 7025
Epoch: [15]  [ 800/1251]  eta: 0:03:20  lr: 0.000023  loss: 3.2950 (3.0994)  time: 0.4580  data: 0.0456  max mem: 7025
Epoch: [15]  [1000/1251]  eta: 0:01:51  lr: 0.000023  loss: 3.3203 (3.0979)  time: 0.4224  data: 0.0079  max mem: 7025
Epoch: [15]  [1200/1251]  eta: 0:00:22  lr: 0.000023  loss: 3.2730 (3.0930)  time: 0.4533  data: 0.0036  max mem: 7025
Epoch: [15]  [1250/1251]  eta: 0:00:00  lr: 0.000023  loss: 3.1039 (3.0908)  time: 0.3157  data: 0.0013  max mem: 7025
Epoch: [15] Total time: 0:09:09 (0.4395 s / it)
Averaged stats: lr: 0.000023  loss: 3.1039 (3.0835)
Epoch: [16]  [   0/1251]  eta: 2:56:07  lr: 0.000021  loss: 3.3016 (3.3016)  time: 8.4468  data: 8.0880  max mem: 7025
Epoch: [16]  [ 200/1251]  eta: 0:08:24  lr: 0.000021  loss: 3.1594 (3.0994)  time: 0.4435  data: 0.0192  max mem: 7025
Epoch: [16]  [ 400/1251]  eta: 0:06:29  lr: 0.000021  loss: 2.9627 (3.0931)  time: 0.4214  data: 0.0040  max mem: 7025
Epoch: [16]  [ 600/1251]  eta: 0:04:53  lr: 0.000021  loss: 3.3368 (3.1129)  time: 0.4348  data: 0.0023  max mem: 7025
Epoch: [16]  [ 800/1251]  eta: 0:03:22  lr: 0.000021  loss: 3.3664 (3.1063)  time: 0.4473  data: 0.0434  max mem: 7025
Epoch: [16]  [1000/1251]  eta: 0:01:52  lr: 0.000021  loss: 3.1452 (3.0981)  time: 0.4248  data: 0.0017  max mem: 7025
Epoch: [16]  [1200/1251]  eta: 0:00:22  lr: 0.000021  loss: 3.2456 (3.0923)  time: 0.4844  data: 0.0620  max mem: 7025
Epoch: [16]  [1250/1251]  eta: 0:00:00  lr: 0.000021  loss: 3.2133 (3.0928)  time: 0.3073  data: 0.0021  max mem: 7025
Epoch: [16] Total time: 0:09:15 (0.4442 s / it)
Averaged stats: lr: 0.000021  loss: 3.2133 (3.0825)
Epoch: [17]  [   0/1251]  eta: 2:50:23  lr: 0.000019  loss: 2.9709 (2.9709)  time: 8.1719  data: 7.8555  max mem: 7025
Epoch: [17]  [ 200/1251]  eta: 0:08:03  lr: 0.000019  loss: 3.0956 (3.0374)  time: 0.3906  data: 0.0023  max mem: 7025
Epoch: [17]  [ 400/1251]  eta: 0:06:13  lr: 0.000019  loss: 2.8299 (3.0220)  time: 0.4447  data: 0.0125  max mem: 7025
Epoch: [17]  [ 600/1251]  eta: 0:04:41  lr: 0.000019  loss: 2.9344 (3.0506)  time: 0.3619  data: 0.0004  max mem: 7025
Epoch: [17]  [ 800/1251]  eta: 0:03:19  lr: 0.000019  loss: 3.1435 (3.0624)  time: 0.4983  data: 0.0022  max mem: 7025
Epoch: [17]  [1000/1251]  eta: 0:01:53  lr: 0.000019  loss: 3.3906 (3.0626)  time: 0.5205  data: 0.0012  max mem: 7025
Epoch: [17]  [1200/1251]  eta: 0:00:23  lr: 0.000019  loss: 3.3092 (3.0812)  time: 0.4991  data: 0.0021  max mem: 7025
Epoch: [17]  [1250/1251]  eta: 0:00:00  lr: 0.000019  loss: 3.3888 (3.0844)  time: 0.3522  data: 0.0025  max mem: 7025
Epoch: [17] Total time: 0:09:31 (0.4566 s / it)
Averaged stats: lr: 0.000019  loss: 3.3888 (3.0878)
Epoch: [18]  [   0/1251]  eta: 2:35:14  lr: 0.000017  loss: 2.9805 (2.9805)  time: 7.4455  data: 7.0798  max mem: 7025
Epoch: [18]  [ 200/1251]  eta: 0:08:50  lr: 0.000017  loss: 3.1987 (3.0266)  time: 0.4698  data: 0.0025  max mem: 7025
Epoch: [18]  [ 400/1251]  eta: 0:06:54  lr: 0.000017  loss: 3.3943 (3.0494)  time: 0.4280  data: 0.0017  max mem: 7025
Epoch: [18]  [ 600/1251]  eta: 0:05:08  lr: 0.000017  loss: 3.2384 (3.0503)  time: 0.4032  data: 0.0021  max mem: 7025
Epoch: [18]  [ 800/1251]  eta: 0:03:29  lr: 0.000017  loss: 3.3424 (3.0548)  time: 0.4161  data: 0.0017  max mem: 7025
Epoch: [18]  [1000/1251]  eta: 0:01:54  lr: 0.000017  loss: 3.2141 (3.0493)  time: 0.4396  data: 0.0171  max mem: 7025
Epoch: [18]  [1200/1251]  eta: 0:00:23  lr: 0.000017  loss: 3.2332 (3.0611)  time: 0.4280  data: 0.0343  max mem: 7025
Epoch: [18]  [1250/1251]  eta: 0:00:00  lr: 0.000017  loss: 3.1533 (3.0605)  time: 0.3138  data: 0.0009  max mem: 7025
Epoch: [18] Total time: 0:09:26 (0.4527 s / it)
Averaged stats: lr: 0.000017  loss: 3.1533 (3.0714)
Epoch: [19]  [   0/1251]  eta: 2:52:28  lr: 0.000015  loss: 2.9946 (2.9946)  time: 8.2722  data: 7.8465  max mem: 7025
Epoch: [19]  [ 200/1251]  eta: 0:08:22  lr: 0.000015  loss: 3.2504 (3.0510)  time: 0.4936  data: 0.1001  max mem: 7025
Epoch: [19]  [ 400/1251]  eta: 0:06:27  lr: 0.000015  loss: 3.4075 (3.0740)  time: 0.4581  data: 0.0287  max mem: 7025
Epoch: [19]  [ 600/1251]  eta: 0:04:53  lr: 0.000015  loss: 2.9779 (3.0691)  time: 0.4898  data: 0.0884  max mem: 7025
Epoch: [19]  [ 800/1251]  eta: 0:03:20  lr: 0.000015  loss: 3.1792 (3.0666)  time: 0.4472  data: 0.0013  max mem: 7025
Epoch: [19]  [1000/1251]  eta: 0:01:52  lr: 0.000015  loss: 3.2048 (3.0826)  time: 0.4533  data: 0.0042  max mem: 7025
Epoch: [19]  [1200/1251]  eta: 0:00:23  lr: 0.000015  loss: 3.3127 (3.0778)  time: 0.4635  data: 0.0016  max mem: 7025
Epoch: [19]  [1250/1251]  eta: 0:00:00  lr: 0.000015  loss: 3.3199 (3.0795)  time: 0.3635  data: 0.0033  max mem: 7025
Epoch: [19] Total time: 0:09:23 (0.4501 s / it)
Averaged stats: lr: 0.000015  loss: 3.3199 (3.0716)
Epoch: [20]  [   0/1251]  eta: 2:03:57  lr: 0.000013  loss: 2.8919 (2.8919)  time: 5.9455  data: 5.2017  max mem: 7025
Epoch: [20]  [ 200/1251]  eta: 0:08:45  lr: 0.000013  loss: 3.3829 (3.0526)  time: 0.4889  data: 0.0023  max mem: 7025
Epoch: [20]  [ 400/1251]  eta: 0:06:49  lr: 0.000013  loss: 3.0190 (3.0601)  time: 0.4516  data: 0.0020  max mem: 7025
Epoch: [20]  [ 600/1251]  eta: 0:05:08  lr: 0.000013  loss: 3.2352 (3.0461)  time: 0.4533  data: 0.0034  max mem: 7025
Epoch: [20]  [ 800/1251]  eta: 0:03:30  lr: 0.000013  loss: 3.1983 (3.0427)  time: 0.4474  data: 0.0016  max mem: 7025
Epoch: [20]  [1000/1251]  eta: 0:01:58  lr: 0.000013  loss: 3.1364 (3.0359)  time: 0.5325  data: 0.0021  max mem: 7025
Epoch: [20]  [1200/1251]  eta: 0:00:24  lr: 0.000013  loss: 3.0186 (3.0338)  time: 0.5013  data: 0.0014  max mem: 7025
Epoch: [20]  [1250/1251]  eta: 0:00:00  lr: 0.000013  loss: 3.3953 (3.0373)  time: 0.3207  data: 0.0019  max mem: 7025
Epoch: [20] Total time: 0:09:47 (0.4693 s / it)
Averaged stats: lr: 0.000013  loss: 3.3953 (3.0653)
Epoch: [21]  [   0/1251]  eta: 2:17:20  lr: 0.000012  loss: 2.8517 (2.8517)  time: 6.5868  data: 6.1729  max mem: 7025
Epoch: [21]  [ 200/1251]  eta: 0:08:43  lr: 0.000012  loss: 3.0615 (3.1000)  time: 0.4295  data: 0.0112  max mem: 7025
Epoch: [21]  [ 400/1251]  eta: 0:06:51  lr: 0.000012  loss: 3.4105 (3.0855)  time: 0.5220  data: 0.1030  max mem: 7025
Epoch: [21]  [ 600/1251]  eta: 0:05:08  lr: 0.000012  loss: 3.3024 (3.0903)  time: 0.4463  data: 0.0212  max mem: 7025
Epoch: [21]  [ 800/1251]  eta: 0:03:30  lr: 0.000012  loss: 3.0847 (3.0842)  time: 0.4326  data: 0.0013  max mem: 7025
Epoch: [21]  [1000/1251]  eta: 0:01:55  lr: 0.000012  loss: 3.3173 (3.0838)  time: 0.4324  data: 0.0447  max mem: 7025
Epoch: [21]  [1200/1251]  eta: 0:00:23  lr: 0.000012  loss: 3.0123 (3.0760)  time: 0.4172  data: 0.0053  max mem: 7025
Epoch: [21]  [1250/1251]  eta: 0:00:00  lr: 0.000012  loss: 3.0497 (3.0737)  time: 0.3244  data: 0.0023  max mem: 7025
Epoch: [21] Total time: 0:09:30 (0.4564 s / it)
Averaged stats: lr: 0.000012  loss: 3.0497 (3.0566)
Epoch: [22]  [   0/1251]  eta: 2:40:54  lr: 0.000010  loss: 3.7100 (3.7100)  time: 7.7176  data: 7.2749  max mem: 7025
Epoch: [22]  [ 200/1251]  eta: 0:08:30  lr: 0.000010  loss: 3.0714 (3.0538)  time: 0.4582  data: 0.0169  max mem: 7025
Epoch: [22]  [ 400/1251]  eta: 0:06:39  lr: 0.000010  loss: 2.9447 (3.0588)  time: 0.4821  data: 0.0728  max mem: 7025
Epoch: [22]  [ 600/1251]  eta: 0:05:02  lr: 0.000010  loss: 3.2170 (3.0537)  time: 0.4642  data: 0.0036  max mem: 7025
Epoch: [22]  [ 800/1251]  eta: 0:03:27  lr: 0.000010  loss: 3.2399 (3.0513)  time: 0.4401  data: 0.0006  max mem: 7025
Epoch: [22]  [1000/1251]  eta: 0:01:53  lr: 0.000010  loss: 3.1499 (3.0470)  time: 0.4151  data: 0.0022  max mem: 7025
Epoch: [22]  [1200/1251]  eta: 0:00:22  lr: 0.000010  loss: 3.2542 (3.0571)  time: 0.4500  data: 0.0195  max mem: 7025
Epoch: [22]  [1250/1251]  eta: 0:00:00  lr: 0.000010  loss: 3.0165 (3.0551)  time: 0.3276  data: 0.0092  max mem: 7025
Epoch: [22] Total time: 0:09:22 (0.4496 s / it)
Averaged stats: lr: 0.000010  loss: 3.0165 (3.0526)
Epoch: [23]  [   0/1251]  eta: 2:35:07  lr: 0.000008  loss: 2.2077 (2.2077)  time: 7.4398  data: 7.0786  max mem: 7025
Epoch: [23]  [ 200/1251]  eta: 0:08:22  lr: 0.000008  loss: 3.3659 (3.0250)  time: 0.4812  data: 0.0941  max mem: 7025
Epoch: [23]  [ 400/1251]  eta: 0:06:24  lr: 0.000008  loss: 3.0782 (3.0350)  time: 0.4555  data: 0.0923  max mem: 7025
Epoch: [23]  [ 600/1251]  eta: 0:04:49  lr: 0.000008  loss: 2.9637 (3.0521)  time: 0.4229  data: 0.0503  max mem: 7025
Epoch: [23]  [ 800/1251]  eta: 0:03:19  lr: 0.000008  loss: 3.3088 (3.0563)  time: 0.4068  data: 0.0552  max mem: 7025
Epoch: [23]  [1000/1251]  eta: 0:01:50  lr: 0.000008  loss: 3.1108 (3.0523)  time: 0.4225  data: 0.0009  max mem: 7025
Epoch: [23]  [1200/1251]  eta: 0:00:22  lr: 0.000008  loss: 3.3294 (3.0555)  time: 0.4426  data: 0.0018  max mem: 7025
Epoch: [23]  [1250/1251]  eta: 0:00:00  lr: 0.000008  loss: 3.0361 (3.0553)  time: 0.3962  data: 0.0014  max mem: 7025
Epoch: [23] Total time: 0:09:12 (0.4420 s / it)
Averaged stats: lr: 0.000008  loss: 3.0361 (3.0484)
Epoch: [24]  [   0/1251]  eta: 2:26:51  lr: 0.000007  loss: 3.5316 (3.5316)  time: 7.0436  data: 6.6561  max mem: 7025
Epoch: [24]  [ 200/1251]  eta: 0:08:35  lr: 0.000007  loss: 2.8106 (3.0760)  time: 0.4738  data: 0.0015  max mem: 7025
Epoch: [24]  [ 400/1251]  eta: 0:06:50  lr: 0.000007  loss: 3.0262 (3.0586)  time: 0.4539  data: 0.0018  max mem: 7025
Epoch: [24]  [ 600/1251]  eta: 0:05:10  lr: 0.000007  loss: 3.2266 (3.0465)  time: 0.4467  data: 0.0034  max mem: 7025
Epoch: [24]  [ 800/1251]  eta: 0:03:35  lr: 0.000007  loss: 3.3867 (3.0634)  time: 0.4783  data: 0.0014  max mem: 7025
Epoch: [24]  [1000/1251]  eta: 0:01:59  lr: 0.000007  loss: 3.1990 (3.0605)  time: 0.5411  data: 0.0010  max mem: 7025
Epoch: [24]  [1200/1251]  eta: 0:00:23  lr: 0.000007  loss: 2.9716 (3.0687)  time: 0.4397  data: 0.0302  max mem: 7025
Epoch: [24]  [1250/1251]  eta: 0:00:00  lr: 0.000007  loss: 3.1982 (3.0710)  time: 0.3202  data: 0.0023  max mem: 7025
Epoch: [24] Total time: 0:09:44 (0.4670 s / it)
Averaged stats: lr: 0.000007  loss: 3.1982 (3.0663)
Epoch: [25]  [   0/1251]  eta: 2:16:10  lr: 0.000006  loss: 3.7959 (3.7959)  time: 6.5311  data: 6.0816  max mem: 7025
Epoch: [25]  [ 200/1251]  eta: 0:08:43  lr: 0.000006  loss: 3.3006 (3.0661)  time: 0.4945  data: 0.0972  max mem: 7025
Epoch: [25]  [ 400/1251]  eta: 0:06:49  lr: 0.000006  loss: 3.1560 (3.0635)  time: 0.4760  data: 0.0623  max mem: 7025
Epoch: [25]  [ 600/1251]  eta: 0:05:07  lr: 0.000006  loss: 3.2907 (3.0720)  time: 0.4574  data: 0.0012  max mem: 7025
Epoch: [25]  [ 800/1251]  eta: 0:03:31  lr: 0.000006  loss: 3.1585 (3.0572)  time: 0.4483  data: 0.0034  max mem: 7025
Epoch: [25]  [1000/1251]  eta: 0:01:57  lr: 0.000006  loss: 3.2042 (3.0676)  time: 0.4393  data: 0.0017  max mem: 7025
Epoch: [25]  [1200/1251]  eta: 0:00:23  lr: 0.000006  loss: 3.3254 (3.0702)  time: 0.4852  data: 0.0469  max mem: 7025
Epoch: [25]  [1250/1251]  eta: 0:00:00  lr: 0.000006  loss: 2.9331 (3.0658)  time: 0.3385  data: 0.0132  max mem: 7025
Epoch: [25] Total time: 0:09:36 (0.4609 s / it)
Averaged stats: lr: 0.000006  loss: 2.9331 (3.0553)
Epoch: [26]  [   0/1251]  eta: 2:44:12  lr: 0.000005  loss: 3.2692 (3.2692)  time: 7.8759  data: 7.5214  max mem: 7025
Epoch: [26]  [ 200/1251]  eta: 0:08:23  lr: 0.000005  loss: 3.2746 (3.0505)  time: 0.4230  data: 0.0031  max mem: 7025
Epoch: [26]  [ 400/1251]  eta: 0:06:34  lr: 0.000005  loss: 3.1649 (3.0618)  time: 0.4245  data: 0.0014  max mem: 7025
Epoch: [26]  [ 600/1251]  eta: 0:04:58  lr: 0.000005  loss: 3.2705 (3.0649)  time: 0.4634  data: 0.0658  max mem: 7025
Epoch: [26]  [ 800/1251]  eta: 0:03:24  lr: 0.000005  loss: 3.3010 (3.0632)  time: 0.4551  data: 0.0203  max mem: 7025
Epoch: [26]  [1000/1251]  eta: 0:01:53  lr: 0.000005  loss: 3.3495 (3.0619)  time: 0.3919  data: 0.0019  max mem: 7025
Epoch: [26]  [1200/1251]  eta: 0:00:22  lr: 0.000005  loss: 2.8399 (3.0548)  time: 0.4075  data: 0.0320  max mem: 7025
Epoch: [26]  [1250/1251]  eta: 0:00:00  lr: 0.000005  loss: 3.1597 (3.0530)  time: 0.3190  data: 0.0044  max mem: 7025
Epoch: [26] Total time: 0:09:17 (0.4458 s / it)
Averaged stats: lr: 0.000005  loss: 3.1597 (3.0516)
Epoch: [27]  [   0/1251]  eta: 2:08:32  lr: 0.000004  loss: 3.2790 (3.2790)  time: 6.1649  data: 5.8056  max mem: 7025
Epoch: [27]  [ 200/1251]  eta: 0:07:51  lr: 0.000004  loss: 3.2196 (3.0421)  time: 0.3869  data: 0.0111  max mem: 7025
Epoch: [27]  [ 400/1251]  eta: 0:06:11  lr: 0.000004  loss: 3.0173 (3.0154)  time: 0.4028  data: 0.0033  max mem: 7025
Epoch: [27]  [ 600/1251]  eta: 0:04:38  lr: 0.000004  loss: 3.3789 (3.0272)  time: 0.4231  data: 0.0148  max mem: 7025
Epoch: [27]  [ 800/1251]  eta: 0:03:12  lr: 0.000004  loss: 3.1257 (3.0295)  time: 0.4680  data: 0.0754  max mem: 7025
Epoch: [27]  [1000/1251]  eta: 0:01:46  lr: 0.000004  loss: 3.4145 (3.0371)  time: 0.4090  data: 0.0023  max mem: 7025
Epoch: [27]  [1200/1251]  eta: 0:00:21  lr: 0.000004  loss: 3.2502 (3.0425)  time: 0.4844  data: 0.1135  max mem: 7025
Epoch: [27]  [1250/1251]  eta: 0:00:00  lr: 0.000004  loss: 2.8799 (3.0374)  time: 0.3101  data: 0.0112  max mem: 7025
Epoch: [27] Total time: 0:08:49 (0.4230 s / it)
Averaged stats: lr: 0.000004  loss: 2.8799 (3.0393)
Epoch: [28]  [   0/1251]  eta: 2:43:29  lr: 0.000003  loss: 3.4403 (3.4403)  time: 7.8411  data: 7.4772  max mem: 7025
Epoch: [28]  [ 200/1251]  eta: 0:07:58  lr: 0.000003  loss: 3.0850 (3.1121)  time: 0.4068  data: 0.0036  max mem: 7025
Epoch: [28]  [ 400/1251]  eta: 0:06:24  lr: 0.000003  loss: 3.1463 (3.0511)  time: 0.5014  data: 0.0019  max mem: 7025
Epoch: [28]  [ 600/1251]  eta: 0:04:55  lr: 0.000003  loss: 3.3743 (3.0680)  time: 0.4414  data: 0.0004  max mem: 7025
Epoch: [28]  [ 800/1251]  eta: 0:03:25  lr: 0.000003  loss: 3.0741 (3.0478)  time: 0.5249  data: 0.1230  max mem: 7025
Epoch: [28]  [1000/1251]  eta: 0:01:54  lr: 0.000003  loss: 3.1661 (3.0318)  time: 0.4233  data: 0.0028  max mem: 7025
Epoch: [28]  [1200/1251]  eta: 0:00:23  lr: 0.000003  loss: 3.0385 (3.0287)  time: 0.5388  data: 0.0046  max mem: 7025
Epoch: [28]  [1250/1251]  eta: 0:00:00  lr: 0.000003  loss: 3.2635 (3.0330)  time: 0.3263  data: 0.0030  max mem: 7025
Epoch: [28] Total time: 0:09:28 (0.4548 s / it)
Averaged stats: lr: 0.000003  loss: 3.2635 (3.0365)
Epoch: [29]  [   0/1251]  eta: 3:03:34  lr: 0.000002  loss: 3.2185 (3.2185)  time: 8.8042  data: 8.4658  max mem: 7025
Epoch: [29]  [ 200/1251]  eta: 0:08:42  lr: 0.000002  loss: 2.8617 (2.9961)  time: 0.4351  data: 0.0046  max mem: 7025
Epoch: [29]  [ 400/1251]  eta: 0:06:34  lr: 0.000002  loss: 3.0294 (3.0264)  time: 0.4353  data: 0.0403  max mem: 7025
Epoch: [29]  [ 600/1251]  eta: 0:04:57  lr: 0.000002  loss: 3.1130 (3.0194)  time: 0.4489  data: 0.0046  max mem: 7025
Epoch: [29]  [ 800/1251]  eta: 0:03:23  lr: 0.000002  loss: 3.2379 (3.0313)  time: 0.4244  data: 0.0008  max mem: 7025
Epoch: [29]  [1000/1251]  eta: 0:01:52  lr: 0.000002  loss: 3.2369 (3.0281)  time: 0.4547  data: 0.0092  max mem: 7025
Epoch: [29]  [1200/1251]  eta: 0:00:22  lr: 0.000002  loss: 3.1066 (3.0341)  time: 0.4535  data: 0.0814  max mem: 7025
Epoch: [29]  [1250/1251]  eta: 0:00:00  lr: 0.000002  loss: 2.9811 (3.0314)  time: 0.3336  data: 0.0092  max mem: 7025
Epoch: [29] Total time: 0:09:17 (0.4453 s / it)
Averaged stats: lr: 0.000002  loss: 2.9811 (3.0383)
Test:  [ 0/33]  eta: 0:06:05  loss: 0.5460 (0.5460)  acc1: 89.5833 (89.5833)  acc5: 97.6562 (97.6562)  time: 11.0740  data: 10.5882  max mem: 7025
Test:  [10/33]  eta: 0:00:40  loss: 0.7717 (0.7808)  acc1: 82.5521 (82.9309)  acc5: 96.3542 (96.1884)  time: 1.7656  data: 1.5705  max mem: 7025
Test:  [20/33]  eta: 0:00:14  loss: 0.8900 (0.9169)  acc1: 79.4271 (79.7495)  acc5: 95.0521 (94.4568)  time: 0.6086  data: 0.4504  max mem: 7025
Test:  [30/33]  eta: 0:00:02  loss: 1.1488 (0.9981)  acc1: 74.2188 (77.8058)  acc5: 91.6667 (93.6072)  time: 0.3722  data: 0.2317  max mem: 7025
Test:  [32/33]  eta: 0:00:00  loss: 1.1488 (0.9872)  acc1: 74.2188 (77.8240)  acc5: 91.6667 (93.6880)  time: 0.3693  data: 0.2316  max mem: 7025
Test: Total time: 0:00:27 (0.8274 s / it)
* Acc@1 77.818 Acc@5 93.752 loss 0.987
Accuracy of the network on the 50000 test images: 77.8%
Max accuracy: 77.82%
Training time 4:48:44
